This is pdfTeX, Version 3.1415926-2.5-1.40.14 (TeX Live 2013) (format=pdflatex 2013.10.1)  11 JAN 2017 23:32
entering extended mode
 restricted \write18 enabled.
 file:line:error style messages enabled.
 %&-line parsing enabled.
**AusarbeitungR.tex
(./AusarbeitungR.tex
LaTeX2e <2011/06/27>
Babel <3.9f> and hyphenation patterns for 78 languages loaded.

(/Volumes/Thuy HD 1/usr/local/texlive/2013/texmf-dist/tex/latex/base/report.cls
Document Class: report 2007/10/19 v1.4h Standard LaTeX document class

(/Volumes/Thuy HD 1/usr/local/texlive/2013/texmf-dist/tex/latex/base/size12.clo
File: size12.clo 2007/10/19 v1.4h Standard LaTeX file (size option)
)
\c@part=\count79
\c@chapter=\count80
\c@section=\count81
\c@subsection=\count82
\c@subsubsection=\count83
\c@paragraph=\count84
\c@subparagraph=\count85
\c@figure=\count86
\c@table=\count87
\abovecaptionskip=\skip41
\belowcaptionskip=\skip42
\bibindent=\dimen102
)
(/Volumes/Thuy HD 1/usr/local/texlive/2013/texmf-dist/tex/latex/microtype/micro
type.sty
Package: microtype 2013/05/23 v2.5a Micro-typographical refinements (RS)

(/Volumes/Thuy HD 1/usr/local/texlive/2013/texmf-dist/tex/latex/graphics/keyval
.sty
Package: keyval 1999/03/16 v1.13 key=value parser (DPC)
\KV@toks@=\toks14
)
\MT@toks=\toks15
\MT@count=\count88
LaTeX Info: Redefining \textls on input line 766.
\MT@outer@kern=\dimen103
LaTeX Info: Redefining \textmicrotypecontext on input line 1285.
\MT@listname@count=\count89

(/Volumes/Thuy HD 1/usr/local/texlive/2013/texmf-dist/tex/latex/microtype/micro
type-pdftex.def
File: microtype-pdftex.def 2013/05/23 v2.5a Definitions specific to pdftex (RS)

LaTeX Info: Redefining \lsstyle on input line 915.
LaTeX Info: Redefining \lslig on input line 915.
\MT@outer@space=\skip43
)
Package microtype Info: Loading configuration file microtype.cfg.

(/Volumes/Thuy HD 1/usr/local/texlive/2013/texmf-dist/tex/latex/microtype/micro
type.cfg
File: microtype.cfg 2013/05/23 v2.5a microtype main configuration file (RS)
))
(/Volumes/Thuy HD 1/usr/local/texlive/2013/texmf-dist/tex/latex/graphics/graphi
cx.sty
Package: graphicx 1999/02/16 v1.0f Enhanced LaTeX Graphics (DPC,SPQR)

(/Volumes/Thuy HD 1/usr/local/texlive/2013/texmf-dist/tex/latex/graphics/graphi
cs.sty
Package: graphics 2009/02/05 v1.0o Standard LaTeX Graphics (DPC,SPQR)

(/Volumes/Thuy HD 1/usr/local/texlive/2013/texmf-dist/tex/latex/graphics/trig.s
ty
Package: trig 1999/03/16 v1.09 sin cos tan (DPC)
)
(/Volumes/Thuy HD 1/usr/local/texlive/2013/texmf-dist/tex/latex/latexconfig/gra
phics.cfg
File: graphics.cfg 2010/04/23 v1.9 graphics configuration of TeX Live
)
Package graphics Info: Driver file: pdftex.def on input line 91.

(/Volumes/Thuy HD 1/usr/local/texlive/2013/texmf-dist/tex/latex/pdftex-def/pdft
ex.def
File: pdftex.def 2011/05/27 v0.06d Graphics/color for pdfTeX

(/Volumes/Thuy HD 1/usr/local/texlive/2013/texmf-dist/tex/generic/oberdiek/infw
arerr.sty
Package: infwarerr 2010/04/08 v1.3 Providing info/warning/error messages (HO)
)
(/Volumes/Thuy HD 1/usr/local/texlive/2013/texmf-dist/tex/generic/oberdiek/ltxc
mds.sty
Package: ltxcmds 2011/11/09 v1.22 LaTeX kernel commands for general use (HO)
)
\Gread@gobject=\count90
))
\Gin@req@height=\dimen104
\Gin@req@width=\dimen105
)
(/Volumes/Thuy HD 1/usr/local/texlive/2013/texmf-dist/tex/latex/wrapfig/wrapfig
.sty
\wrapoverhang=\dimen106
\WF@size=\dimen107
\c@WF@wrappedlines=\count91
\WF@box=\box26
\WF@everypar=\toks16
Package: wrapfig 2003/01/31  v 3.6
)
(/Volumes/Thuy HD 1/usr/local/texlive/2013/texmf-dist/tex/latex/psnfss/mathpazo
.sty
Package: mathpazo 2005/04/12 PSNFSS-v9.2a Palatino w/ Pazo Math (D.Puga, WaS) 
\symupright=\mathgroup4
)
(/Volumes/Thuy HD 1/usr/local/texlive/2013/texmf-dist/tex/latex/base/fontenc.st
y
Package: fontenc 2005/09/27 v1.99g Standard LaTeX package

(/Volumes/Thuy HD 1/usr/local/texlive/2013/texmf-dist/tex/latex/base/t1enc.def
File: t1enc.def 2005/09/27 v1.99g Standard LaTeX file
LaTeX Font Info:    Redeclaring font encoding T1 on input line 43.
))
(/Volumes/Thuy HD 1/usr/local/texlive/2013/texmf-dist/tex/latex/base/inputenc.s
ty
Package: inputenc 2008/03/30 v1.1d Input encoding file
\inpenc@prehook=\toks17
\inpenc@posthook=\toks18

(/Volumes/Thuy HD 1/usr/local/texlive/2013/texmf-dist/tex/latex/base/utf8.def
File: utf8.def 2008/04/05 v1.1m UTF-8 support for inputenc
Now handling font encoding OML ...
... no UTF-8 mapping file for font encoding OML
Now handling font encoding T1 ...
... processing UTF-8 mapping file for font encoding T1

(/Volumes/Thuy HD 1/usr/local/texlive/2013/texmf-dist/tex/latex/base/t1enc.dfu
File: t1enc.dfu 2008/04/05 v1.1m UTF-8 support for inputenc
   defining Unicode char U+00A1 (decimal 161)
   defining Unicode char U+00A3 (decimal 163)
   defining Unicode char U+00AB (decimal 171)
   defining Unicode char U+00BB (decimal 187)
   defining Unicode char U+00BF (decimal 191)
   defining Unicode char U+00C0 (decimal 192)
   defining Unicode char U+00C1 (decimal 193)
   defining Unicode char U+00C2 (decimal 194)
   defining Unicode char U+00C3 (decimal 195)
   defining Unicode char U+00C4 (decimal 196)
   defining Unicode char U+00C5 (decimal 197)
   defining Unicode char U+00C6 (decimal 198)
   defining Unicode char U+00C7 (decimal 199)
   defining Unicode char U+00C8 (decimal 200)
   defining Unicode char U+00C9 (decimal 201)
   defining Unicode char U+00CA (decimal 202)
   defining Unicode char U+00CB (decimal 203)
   defining Unicode char U+00CC (decimal 204)
   defining Unicode char U+00CD (decimal 205)
   defining Unicode char U+00CE (decimal 206)
   defining Unicode char U+00CF (decimal 207)
   defining Unicode char U+00D0 (decimal 208)
   defining Unicode char U+00D1 (decimal 209)
   defining Unicode char U+00D2 (decimal 210)
   defining Unicode char U+00D3 (decimal 211)
   defining Unicode char U+00D4 (decimal 212)
   defining Unicode char U+00D5 (decimal 213)
   defining Unicode char U+00D6 (decimal 214)
   defining Unicode char U+00D8 (decimal 216)
   defining Unicode char U+00D9 (decimal 217)
   defining Unicode char U+00DA (decimal 218)
   defining Unicode char U+00DB (decimal 219)
   defining Unicode char U+00DC (decimal 220)
   defining Unicode char U+00DD (decimal 221)
   defining Unicode char U+00DE (decimal 222)
   defining Unicode char U+00DF (decimal 223)
   defining Unicode char U+00E0 (decimal 224)
   defining Unicode char U+00E1 (decimal 225)
   defining Unicode char U+00E2 (decimal 226)
   defining Unicode char U+00E3 (decimal 227)
   defining Unicode char U+00E4 (decimal 228)
   defining Unicode char U+00E5 (decimal 229)
   defining Unicode char U+00E6 (decimal 230)
   defining Unicode char U+00E7 (decimal 231)
   defining Unicode char U+00E8 (decimal 232)
   defining Unicode char U+00E9 (decimal 233)
   defining Unicode char U+00EA (decimal 234)
   defining Unicode char U+00EB (decimal 235)
   defining Unicode char U+00EC (decimal 236)
   defining Unicode char U+00ED (decimal 237)
   defining Unicode char U+00EE (decimal 238)
   defining Unicode char U+00EF (decimal 239)
   defining Unicode char U+00F0 (decimal 240)
   defining Unicode char U+00F1 (decimal 241)
   defining Unicode char U+00F2 (decimal 242)
   defining Unicode char U+00F3 (decimal 243)
   defining Unicode char U+00F4 (decimal 244)
   defining Unicode char U+00F5 (decimal 245)
   defining Unicode char U+00F6 (decimal 246)
   defining Unicode char U+00F8 (decimal 248)
   defining Unicode char U+00F9 (decimal 249)
   defining Unicode char U+00FA (decimal 250)
   defining Unicode char U+00FB (decimal 251)
   defining Unicode char U+00FC (decimal 252)
   defining Unicode char U+00FD (decimal 253)
   defining Unicode char U+00FE (decimal 254)
   defining Unicode char U+00FF (decimal 255)
   defining Unicode char U+0102 (decimal 258)
   defining Unicode char U+0103 (decimal 259)
   defining Unicode char U+0104 (decimal 260)
   defining Unicode char U+0105 (decimal 261)
   defining Unicode char U+0106 (decimal 262)
   defining Unicode char U+0107 (decimal 263)
   defining Unicode char U+010C (decimal 268)
   defining Unicode char U+010D (decimal 269)
   defining Unicode char U+010E (decimal 270)
   defining Unicode char U+010F (decimal 271)
   defining Unicode char U+0110 (decimal 272)
   defining Unicode char U+0111 (decimal 273)
   defining Unicode char U+0118 (decimal 280)
   defining Unicode char U+0119 (decimal 281)
   defining Unicode char U+011A (decimal 282)
   defining Unicode char U+011B (decimal 283)
   defining Unicode char U+011E (decimal 286)
   defining Unicode char U+011F (decimal 287)
   defining Unicode char U+0130 (decimal 304)
   defining Unicode char U+0131 (decimal 305)
   defining Unicode char U+0132 (decimal 306)
   defining Unicode char U+0133 (decimal 307)
   defining Unicode char U+0139 (decimal 313)
   defining Unicode char U+013A (decimal 314)
   defining Unicode char U+013D (decimal 317)
   defining Unicode char U+013E (decimal 318)
   defining Unicode char U+0141 (decimal 321)
   defining Unicode char U+0142 (decimal 322)
   defining Unicode char U+0143 (decimal 323)
   defining Unicode char U+0144 (decimal 324)
   defining Unicode char U+0147 (decimal 327)
   defining Unicode char U+0148 (decimal 328)
   defining Unicode char U+014A (decimal 330)
   defining Unicode char U+014B (decimal 331)
   defining Unicode char U+0150 (decimal 336)
   defining Unicode char U+0151 (decimal 337)
   defining Unicode char U+0152 (decimal 338)
   defining Unicode char U+0153 (decimal 339)
   defining Unicode char U+0154 (decimal 340)
   defining Unicode char U+0155 (decimal 341)
   defining Unicode char U+0158 (decimal 344)
   defining Unicode char U+0159 (decimal 345)
   defining Unicode char U+015A (decimal 346)
   defining Unicode char U+015B (decimal 347)
   defining Unicode char U+015E (decimal 350)
   defining Unicode char U+015F (decimal 351)
   defining Unicode char U+0160 (decimal 352)
   defining Unicode char U+0161 (decimal 353)
   defining Unicode char U+0162 (decimal 354)
   defining Unicode char U+0163 (decimal 355)
   defining Unicode char U+0164 (decimal 356)
   defining Unicode char U+0165 (decimal 357)
   defining Unicode char U+016E (decimal 366)
   defining Unicode char U+016F (decimal 367)
   defining Unicode char U+0170 (decimal 368)
   defining Unicode char U+0171 (decimal 369)
   defining Unicode char U+0178 (decimal 376)
   defining Unicode char U+0179 (decimal 377)
   defining Unicode char U+017A (decimal 378)
   defining Unicode char U+017B (decimal 379)
   defining Unicode char U+017C (decimal 380)
   defining Unicode char U+017D (decimal 381)
   defining Unicode char U+017E (decimal 382)
   defining Unicode char U+200C (decimal 8204)
   defining Unicode char U+2013 (decimal 8211)
   defining Unicode char U+2014 (decimal 8212)
   defining Unicode char U+2018 (decimal 8216)
   defining Unicode char U+2019 (decimal 8217)
   defining Unicode char U+201A (decimal 8218)
   defining Unicode char U+201C (decimal 8220)
   defining Unicode char U+201D (decimal 8221)
   defining Unicode char U+201E (decimal 8222)
   defining Unicode char U+2030 (decimal 8240)
   defining Unicode char U+2031 (decimal 8241)
   defining Unicode char U+2039 (decimal 8249)
   defining Unicode char U+203A (decimal 8250)
   defining Unicode char U+2423 (decimal 9251)
)
Now handling font encoding OT1 ...
... processing UTF-8 mapping file for font encoding OT1

(/Volumes/Thuy HD 1/usr/local/texlive/2013/texmf-dist/tex/latex/base/ot1enc.dfu
File: ot1enc.dfu 2008/04/05 v1.1m UTF-8 support for inputenc
   defining Unicode char U+00A1 (decimal 161)
   defining Unicode char U+00A3 (decimal 163)
   defining Unicode char U+00B8 (decimal 184)
   defining Unicode char U+00BF (decimal 191)
   defining Unicode char U+00C5 (decimal 197)
   defining Unicode char U+00C6 (decimal 198)
   defining Unicode char U+00D8 (decimal 216)
   defining Unicode char U+00DF (decimal 223)
   defining Unicode char U+00E6 (decimal 230)
   defining Unicode char U+00EC (decimal 236)
   defining Unicode char U+00ED (decimal 237)
   defining Unicode char U+00EE (decimal 238)
   defining Unicode char U+00EF (decimal 239)
   defining Unicode char U+00F8 (decimal 248)
   defining Unicode char U+0131 (decimal 305)
   defining Unicode char U+0141 (decimal 321)
   defining Unicode char U+0142 (decimal 322)
   defining Unicode char U+0152 (decimal 338)
   defining Unicode char U+0153 (decimal 339)
   defining Unicode char U+2013 (decimal 8211)
   defining Unicode char U+2014 (decimal 8212)
   defining Unicode char U+2018 (decimal 8216)
   defining Unicode char U+2019 (decimal 8217)
   defining Unicode char U+201C (decimal 8220)
   defining Unicode char U+201D (decimal 8221)
)
Now handling font encoding OMS ...
... processing UTF-8 mapping file for font encoding OMS

(/Volumes/Thuy HD 1/usr/local/texlive/2013/texmf-dist/tex/latex/base/omsenc.dfu
File: omsenc.dfu 2008/04/05 v1.1m UTF-8 support for inputenc
   defining Unicode char U+00A7 (decimal 167)
   defining Unicode char U+00B6 (decimal 182)
   defining Unicode char U+00B7 (decimal 183)
   defining Unicode char U+2020 (decimal 8224)
   defining Unicode char U+2021 (decimal 8225)
   defining Unicode char U+2022 (decimal 8226)
)
Now handling font encoding OMX ...
... no UTF-8 mapping file for font encoding OMX
Now handling font encoding U ...
... no UTF-8 mapping file for font encoding U
   defining Unicode char U+00A9 (decimal 169)
   defining Unicode char U+00AA (decimal 170)
   defining Unicode char U+00AE (decimal 174)
   defining Unicode char U+00BA (decimal 186)
   defining Unicode char U+02C6 (decimal 710)
   defining Unicode char U+02DC (decimal 732)
   defining Unicode char U+200C (decimal 8204)
   defining Unicode char U+2026 (decimal 8230)
   defining Unicode char U+2122 (decimal 8482)
   defining Unicode char U+2423 (decimal 9251)
))
(/Volumes/Thuy HD 1/usr/local/texlive/2013/texmf-dist/tex/generic/babel/babel.s
ty
Package: babel 2013/05/16 v3.9f The Babel package

(/Volumes/Thuy HD 1/usr/local/texlive/2013/texmf-dist/tex/generic/babel-german/
ngermanb.ldf
Language: ngermanb 2008/07/06 v2.6n new German support from the babel system

(/Volumes/Thuy HD 1/usr/local/texlive/2013/texmf-dist/tex/generic/babel/babel.d
ef
File: babel.def 2013/05/16 v3.9f Babel common definitions
\babel@savecnt=\count92
\U@D=\dimen108
)
\l@naustrian = a dialect from \language\l@ngerman 
Package babel Info: Making " an active character on input line 92.
)) (./AusarbeitungR.aux

LaTeX Warning: Label `rterminalwindows' multiply defined.

)
\openout1 = `AusarbeitungR.aux'.

LaTeX Font Info:    Checking defaults for OML/cmm/m/it on input line 67.
LaTeX Font Info:    ... okay on input line 67.
LaTeX Font Info:    Checking defaults for T1/cmr/m/n on input line 67.
LaTeX Font Info:    ... okay on input line 67.
LaTeX Font Info:    Checking defaults for OT1/cmr/m/n on input line 67.
LaTeX Font Info:    ... okay on input line 67.
LaTeX Font Info:    Checking defaults for OMS/cmsy/m/n on input line 67.
LaTeX Font Info:    ... okay on input line 67.
LaTeX Font Info:    Checking defaults for OMX/cmex/m/n on input line 67.
LaTeX Font Info:    ... okay on input line 67.
LaTeX Font Info:    Checking defaults for U/cmr/m/n on input line 67.
LaTeX Font Info:    ... okay on input line 67.
LaTeX Font Info:    Try loading font information for T1+ppl on input line 67.

(/Volumes/Thuy HD 1/usr/local/texlive/2013/texmf-dist/tex/latex/psnfss/t1ppl.fd
File: t1ppl.fd 2001/06/04 font definitions for T1/ppl.
)
LaTeX Info: Redefining \microtypecontext on input line 67.
Package microtype Info: Generating PDF output.
Package microtype Info: Character protrusion enabled (level 2).
Package microtype Info: Using default protrusion set `alltext'.
Package microtype Info: Automatic font expansion enabled (level 2),
(microtype)             stretch: 20, shrink: 20, step: 1, non-selected.
Package microtype Info: Using default expansion set `basictext'.
Package microtype Info: No adjustment of tracking.
Package microtype Info: No adjustment of interword spacing.
Package microtype Info: No adjustment of character kerning.

(/Volumes/Thuy HD 1/usr/local/texlive/2013/texmf-dist/tex/latex/microtype/mt-pp
l.cfg
File: mt-ppl.cfg 2005/11/16 v1.6 microtype config. file: Palatino (RS)
)
(/Volumes/Thuy HD 1/usr/local/texlive/2013/texmf-dist/tex/context/base/supp-pdf
.mkii
[Loading MPS to PDF converter (version 2006.09.02).]
\scratchcounter=\count93
\scratchdimen=\dimen109
\scratchbox=\box27
\nofMPsegments=\count94
\nofMParguments=\count95
\everyMPshowfont=\toks19
\MPscratchCnt=\count96
\MPscratchDim=\dimen110
\MPnumerator=\count97
\makeMPintoPDFobject=\count98
\everyMPtoPDFconversion=\toks20
)
(/Volumes/Thuy HD 1/usr/local/texlive/2013/texmf-dist/tex/generic/oberdiek/pdft
excmds.sty
Package: pdftexcmds 2011/11/29 v0.20 Utility functions of pdfTeX for LuaTeX (HO
)

(/Volumes/Thuy HD 1/usr/local/texlive/2013/texmf-dist/tex/generic/oberdiek/iflu
atex.sty
Package: ifluatex 2010/03/01 v1.3 Provides the ifluatex switch (HO)
Package ifluatex Info: LuaTeX not detected.
)
(/Volumes/Thuy HD 1/usr/local/texlive/2013/texmf-dist/tex/generic/oberdiek/ifpd
f.sty
Package: ifpdf 2011/01/30 v2.3 Provides the ifpdf switch (HO)
Package ifpdf Info: pdfTeX in PDF mode is detected.
)
Package pdftexcmds Info: LuaTeX not detected.
Package pdftexcmds Info: \pdf@primitive is available.
Package pdftexcmds Info: \pdf@ifprimitive is available.
Package pdftexcmds Info: \pdfdraftmode found.
)
(/Volumes/Thuy HD 1/usr/local/texlive/2013/texmf-dist/tex/latex/oberdiek/epstop
df-base.sty
Package: epstopdf-base 2010/02/09 v2.5 Base part for package epstopdf

(/Volumes/Thuy HD 1/usr/local/texlive/2013/texmf-dist/tex/latex/oberdiek/grfext
.sty
Package: grfext 2010/08/19 v1.1 Manage graphics extensions (HO)

(/Volumes/Thuy HD 1/usr/local/texlive/2013/texmf-dist/tex/generic/oberdiek/kvde
finekeys.sty
Package: kvdefinekeys 2011/04/07 v1.3 Define keys (HO)
))
(/Volumes/Thuy HD 1/usr/local/texlive/2013/texmf-dist/tex/latex/oberdiek/kvopti
ons.sty
Package: kvoptions 2011/06/30 v3.11 Key value format for package options (HO)

(/Volumes/Thuy HD 1/usr/local/texlive/2013/texmf-dist/tex/generic/oberdiek/kvse
tkeys.sty
Package: kvsetkeys 2012/04/25 v1.16 Key value parser (HO)

(/Volumes/Thuy HD 1/usr/local/texlive/2013/texmf-dist/tex/generic/oberdiek/etex
cmds.sty
Package: etexcmds 2011/02/16 v1.5 Avoid name clashes with e-TeX commands (HO)
Package etexcmds Info: Could not find \expanded.
(etexcmds)             That can mean that you are not using pdfTeX 1.50 or
(etexcmds)             that some package has redefined \expanded.
(etexcmds)             In the latter case, load this package earlier.
)))
Package grfext Info: Graphics extension search list:
(grfext)             [.png,.pdf,.jpg,.mps,.jpeg,.jbig2,.jb2,.PNG,.PDF,.JPG,.JPE
G,.JBIG2,.JB2,.eps]
(grfext)             \AppendGraphicsExtensions on input line 452.

(/Volumes/Thuy HD 1/usr/local/texlive/2013/texmf-dist/tex/latex/latexconfig/eps
topdf-sys.cfg
File: epstopdf-sys.cfg 2010/07/13 v1.3 Configuration of (r)epstopdf for TeX Liv
e
))
\big@size=\dimen111
LaTeX Font Info:    Font shape `T1/ppl/bx/n' in size <20.74> not available
(Font)              Font shape `T1/ppl/b/n' tried instead on input line 69.
 [1

{/Volumes/Thuy HD 1/usr/local/texlive/2013/texmf-var/fonts/map/pdftex/updmap/pd
ftex.map}]
LaTeX Font Info:    Font shape `T1/ppl/bx/n' in size <12> not available
(Font)              Font shape `T1/ppl/b/n' tried instead on input line 77.
 [1]
Kapitel 1.
LaTeX Font Info:    Font shape `T1/ppl/bx/n' in size <24.88> not available
(Font)              Font shape `T1/ppl/b/n' tried instead on input line 88.
LaTeX Font Info:    Font shape `T1/ppl/bx/n' in size <17.28> not available
(Font)              Font shape `T1/ppl/b/n' tried instead on input line 96.
[1

] [2]
Kapitel 2.
LaTeX Font Info:    Try loading font information for OMS+ppl on input line 113.


(/Volumes/Thuy HD 1/usr/local/texlive/2013/texmf-dist/tex/latex/psnfss/omsppl.f
d
File: omsppl.fd 
)
LaTeX Font Info:    Font shape `OMS/ppl/m/n' in size <12> not available
(Font)              Font shape `OMS/cmsy/m/n' tried instead on input line 113.
 <R-TerminalWindows.png, id=18, 642.4pt x 327.2225pt>
File: R-TerminalWindows.png Graphic file (type png)

<use R-TerminalWindows.png>
Package pdftex.def Info: R-TerminalWindows.png used on input line 125.
(pdftex.def)             Requested size: 312.00119pt x 158.9274pt.

<rterminalwindows.png, id=20, 803.0pt x 448.67625pt>
File: rterminalwindows.png Graphic file (type png)

<use rterminalwindows.png>
Package pdftex.def Info: rterminalwindows.png used on input line 132.
(pdftex.def)             Requested size: 312.00119pt x 174.33264pt.
 <R-Terminal.png, id=21, 798.985pt x 502.87875pt>
File: R-Terminal.png Graphic file (type png)

<use R-Terminal.png>
Package pdftex.def Info: R-Terminal.png used on input line 139.
(pdftex.def)             Requested size: 312.00119pt x 196.37514pt.
 <rterminalsetup.png, id=22, 800.9925pt x 499.8675pt>
File: rterminalsetup.png Graphic file (type png)

<use rterminalsetup.png>
Package pdftex.def Info: rterminalsetup.png used on input line 146.
(pdftex.def)             Requested size: 312.00119pt x 194.71109pt.


LaTeX Warning: Reference `macsetup)' on page 3 undefined on input line 151.

[3

] [4 <./R-TerminalWindows.png> <./rterminalwindows.png>] [5 <./R-Terminal.png> 
<./rterminalsetup.png>]
Kapitel 3.
[6

]
LaTeX Font Info:    Try loading font information for OT1+ppl on input line 166.


(/Volumes/Thuy HD 1/usr/local/texlive/2013/texmf-dist/tex/latex/psnfss/ot1ppl.f
d
File: ot1ppl.fd 2001/06/04 font definitions for OT1/ppl.
)
LaTeX Font Info:    Try loading font information for OML+zplm on input line 166
.

(/Volumes/Thuy HD 1/usr/local/texlive/2013/texmf-dist/tex/latex/psnfss/omlzplm.
fd
File: omlzplm.fd 2002/09/08 Fontinst v1.914 font definitions for OML/zplm.
)
LaTeX Font Info:    Try loading font information for OMS+zplm on input line 166
.

(/Volumes/Thuy HD 1/usr/local/texlive/2013/texmf-dist/tex/latex/psnfss/omszplm.
fd
File: omszplm.fd 2002/09/08 Fontinst v1.914 font definitions for OMS/zplm.
)
LaTeX Font Info:    Try loading font information for OMX+zplm on input line 166
.

(/Volumes/Thuy HD 1/usr/local/texlive/2013/texmf-dist/tex/latex/psnfss/omxzplm.
fd
File: omxzplm.fd 2002/09/08 Fontinst v1.914 font definitions for OMX/zplm.
)
LaTeX Font Info:    Try loading font information for OT1+zplm on input line 166
.

(/Volumes/Thuy HD 1/usr/local/texlive/2013/texmf-dist/tex/latex/psnfss/ot1zplm.
fd
File: ot1zplm.fd 2002/09/08 Fontinst v1.914 font definitions for OT1/zplm.
)
Package microtype Info: Loading generic settings for font family
(microtype)             `zplm' (encoding: OT1).
(microtype)             For optimal results, create family-specific settings.
(microtype)             See the microtype manual for details.
LaTeX Font Info:    Try loading font information for T1+cmtt on input line 177.


(/Volumes/Thuy HD 1/usr/local/texlive/2013/texmf-dist/tex/latex/base/t1cmtt.fd
File: t1cmtt.fd 1999/05/25 v2.5h Standard LaTeX font definitions
)
Package microtype Info: Loading generic settings for font family
(microtype)             `cmtt' (encoding: T1).
(microtype)             For optimal results, create family-specific settings.
(microtype)             See the microtype manual for details.
[7

] (./AusarbeitungR.aux)

LaTeX Warning: There were undefined references.


LaTeX Warning: There were multiply-defined labels.

 ) 
Here is how much of TeX's memory you used:
 4169 strings out of 493315
 64671 string characters out of 6137904
 149664 words of memory out of 5000000
 7432 multiletter control sequences out of 15000+600000
 34532 words of font info for 117 fonts, out of 8000000 for 9000
 957 hyphenation exceptions out of 8191
 38i,5n,35p,686b,238s stack positions out of 5000i,500n,10000p,200000b,80000s
{/Volumes/Thuy HD 1/usr/local/texlive/2013/texmf-dist/fonts/enc/dvips/cm-supe
r/cm-super-t1.enc}{/Volumes/Thuy HD 1/usr/local/texlive/2013/texmf-dist/fonts/e
nc/dvips/base/8r.enc}</Volumes/Thuy HD 1/usr/local/texlive/2013/texmf-dist/font
s/type1/public/amsfonts/cm/cmsy10.pfb></Volumes/Thuy HD 1/usr/local/texlive/201
3/texmf-dist/fonts/type1/public/cm-super/sftt1200.pfb></Volumes/Thuy HD 1/usr/l
ocal/texlive/2013/texmf-dist/fonts/type1/urw/palatino/uplb8a.pfb></Volumes/Thuy
 HD 1/usr/local/texlive/2013/texmf-dist/fonts/type1/urw/palatino/uplr8a.pfb></V
olumes/Thuy HD 1/usr/local/texlive/2013/texmf-dist/fonts/type1/urw/palatino/upl
ri8a.pfb>
Output written on AusarbeitungR.pdf (9 pages, 198679 bytes).
PDF statistics:
 65 PDF objects out of 1000 (max. 8388607)
 40 compressed objects within 1 object stream
 0 named destinations out of 1000 (max. 500000)
 29717 words of extra memory for PDF output out of 29859 (max. 10000000)

