\BOOKMARK [0][-]{chapter.1}{Einleitung}{}% 1
\BOOKMARK [0][-]{chapter.2}{Design und Implementierung}{}% 2
\BOOKMARK [1][-]{section.2.1}{Verwendete Technologien}{chapter.2}% 3
\BOOKMARK [1][-]{section.2.2}{Architektur des R-Terminals}{chapter.2}% 4
\BOOKMARK [1][-]{section.2.3}{Graphische Benutzeroberfl\344che \(GUI\)}{chapter.2}% 5
\BOOKMARK [2][-]{subsection.2.3.1}{RMain}{section.2.3}% 6
\BOOKMARK [2][-]{subsection.2.3.2}{RTerminal}{section.2.3}% 7
\BOOKMARK [2][-]{subsection.2.3.3}{RSetupTab}{section.2.3}% 8
\BOOKMARK [2][-]{subsection.2.3.4}{RTerminalTab}{section.2.3}% 9
\BOOKMARK [2][-]{subsection.2.3.5}{RBrowserWindow}{section.2.3}% 10
\BOOKMARK [2][-]{subsection.2.3.6}{RLayout}{section.2.3}% 11
\BOOKMARK [2][-]{subsection.2.3.7}{RCommandListener}{section.2.3}% 12
\BOOKMARK [1][-]{section.2.4}{Funktionaler Kern - Integration von R}{chapter.2}% 13
\BOOKMARK [2][-]{subsection.2.4.1}{RIntegration}{section.2.4}% 14
\BOOKMARK [2][-]{subsection.2.4.2}{OS}{section.2.4}% 15
\BOOKMARK [2][-]{subsection.2.4.3}{RBuffer}{section.2.4}% 16
\BOOKMARK [2][-]{subsection.2.4.4}{RListener}{section.2.4}% 17
\BOOKMARK [1][-]{section.2.5}{Ausf\374hrung ohne graphische Benutzeroberfl\344che}{chapter.2}% 18
\BOOKMARK [2][-]{subsection.2.5.1}{Aufruf des R-Terminals ohne GUI}{section.2.5}% 19
\BOOKMARK [2][-]{subsection.2.5.2}{API}{section.2.5}% 20
\BOOKMARK [2][-]{subsection.2.5.3}{Klasse: RIntegration}{section.2.5}% 21
\BOOKMARK [2][-]{subsection.2.5.4}{Klasse: OS}{section.2.5}% 22
\BOOKMARK [2][-]{subsection.2.5.5}{Klasse: RBuffer}{section.2.5}% 23
\BOOKMARK [2][-]{subsection.2.5.6}{Klasse: RListener}{section.2.5}% 24
\BOOKMARK [1][-]{section.2.6}{Abh\344ngigkeiten}{chapter.2}% 25
\BOOKMARK [2][-]{subsection.2.6.1}{Java}{section.2.6}% 26
\BOOKMARK [2][-]{subsection.2.6.2}{R-Project}{section.2.6}% 27
\BOOKMARK [2][-]{subsection.2.6.3}{SWT}{section.2.6}% 28
\BOOKMARK [0][-]{chapter.3}{Ergebnis}{}% 29
\BOOKMARK [1][-]{section.3.1}{\334bersicht}{chapter.3}% 30
\BOOKMARK [1][-]{section.3.2}{Voraussetzungen}{chapter.3}% 31
\BOOKMARK [1][-]{section.3.3}{Vorbereitung}{chapter.3}% 32
\BOOKMARK [1][-]{section.3.4}{Benutzung des R-Terminals}{chapter.3}% 33
\BOOKMARK [2][-]{subsection.3.4.1}{Setup}{section.3.4}% 34
\BOOKMARK [2][-]{subsection.3.4.2}{Terminal}{section.3.4}% 35
\BOOKMARK [0][-]{chapter.4}{Daten\374bertragung von ARX nach R}{}% 36
\BOOKMARK [1][-]{section.4.1}{Datentypen und Skalenniveau}{chapter.4}% 37
\BOOKMARK [1][-]{section.4.2}{Tabellen}{chapter.4}% 38
\BOOKMARK [0][-]{chapter.5}{Zuk\374nftige Arbeiten}{}% 39
