This is pdfTeX, Version 3.14159265-2.6-1.40.17 (TeX Live 2016) (preloaded format=pdflatex 2016.11.18)  26 JAN 2017 00:44
entering extended mode
 restricted \write18 enabled.
 file:line:error style messages enabled.
 %&-line parsing enabled.
**AusarbeitungR.tex
(./AusarbeitungR.tex
LaTeX2e <2016/03/31>
Babel <3.9r> and hyphenation patterns for 83 language(s) loaded.
(/usr/local/texlive/2016/texmf-dist/tex/latex/base/report.cls
Document Class: report 2014/09/29 v1.4h Standard LaTeX document class
(/usr/local/texlive/2016/texmf-dist/tex/latex/base/size12.clo
File: size12.clo 2014/09/29 v1.4h Standard LaTeX file (size option)
)
\c@part=\count79
\c@chapter=\count80
\c@section=\count81
\c@subsection=\count82
\c@subsubsection=\count83
\c@paragraph=\count84
\c@subparagraph=\count85
\c@figure=\count86
\c@table=\count87
\abovecaptionskip=\skip41
\belowcaptionskip=\skip42
\bibindent=\dimen102
) (/usr/local/texlive/2016/texmf-dist/tex/latex/microtype/microtype.sty
Package: microtype 2016/05/14 v2.6a Micro-typographical refinements (RS)
 (/usr/local/texlive/2016/texmf-dist/tex/latex/graphics/keyval.sty
Package: keyval 2014/10/28 v1.15 key=value parser (DPC)
\KV@toks@=\toks14
)
\MT@toks=\toks15
\MT@count=\count88
LaTeX Info: Redefining \textls on input line 774.
\MT@outer@kern=\dimen103
LaTeX Info: Redefining \textmicrotypecontext on input line 1310.
\MT@listname@count=\count89
 (/usr/local/texlive/2016/texmf-dist/tex/latex/microtype/microtype-pdftex.def
File: microtype-pdftex.def 2016/05/14 v2.6a Definitions specific to pdftex (RS)
LaTeX Info: Redefining \lsstyle on input line 916.
LaTeX Info: Redefining \lslig on input line 916.
\MT@outer@space=\skip43
)
Package microtype Info: Loading configuration file microtype.cfg.
 (/usr/local/texlive/2016/texmf-dist/tex/latex/microtype/microtype.cfg
File: microtype.cfg 2016/05/14 v2.6a microtype main configuration file (RS)
)) (/usr/local/texlive/2016/texmf-dist/tex/latex/graphics/graphicx.sty
Package: graphicx 2014/10/28 v1.0g Enhanced LaTeX Graphics (DPC,SPQR)
 (/usr/local/texlive/2016/texmf-dist/tex/latex/graphics/graphics.sty
Package: graphics 2016/05/09 v1.0r Standard LaTeX Graphics (DPC,SPQR)
 (/usr/local/texlive/2016/texmf-dist/tex/latex/graphics/trig.sty
Package: trig 2016/01/03 v1.10 sin cos tan (DPC)
) (/usr/local/texlive/2016/texmf-dist/tex/latex/graphics-cfg/graphics.cfg
File: graphics.cfg 2016/01/02 v1.10 sample graphics configuration
)
Package graphics Info: Driver file: pdftex.def on input line 96.
 (/usr/local/texlive/2016/texmf-dist/tex/latex/pdftex-def/pdftex.def
File: pdftex.def 2011/05/27 v0.06d Graphics/color for pdfTeX
 (/usr/local/texlive/2016/texmf-dist/tex/generic/oberdiek/infwarerr.sty
Package: infwarerr 2016/05/16 v1.4 Providing info/warning/error messages (HO)
) (/usr/local/texlive/2016/texmf-dist/tex/generic/oberdiek/ltxcmds.sty
Package: ltxcmds 2016/05/16 v1.23 LaTeX kernel commands for general use (HO)
)
\Gread@gobject=\count90
))
\Gin@req@height=\dimen104
\Gin@req@width=\dimen105
) (/usr/local/texlive/2016/texmf-dist/tex/latex/wrapfig/wrapfig.sty
\wrapoverhang=\dimen106
\WF@size=\dimen107
\c@WF@wrappedlines=\count91
\WF@box=\box26
\WF@everypar=\toks16
Package: wrapfig 2003/01/31  v 3.6
) (/usr/local/texlive/2016/texmf-dist/tex/latex/listings/listings.sty
\lst@mode=\count92
\lst@gtempboxa=\box27
\lst@token=\toks17
\lst@length=\count93
\lst@currlwidth=\dimen108
\lst@column=\count94
\lst@pos=\count95
\lst@lostspace=\dimen109
\lst@width=\dimen110
\lst@newlines=\count96
\lst@lineno=\count97
\lst@maxwidth=\dimen111
 (/usr/local/texlive/2016/texmf-dist/tex/latex/listings/lstmisc.sty
File: lstmisc.sty 2015/06/04 1.6 (Carsten Heinz)
\c@lstnumber=\count98
\lst@skipnumbers=\count99
\lst@framebox=\box28
) (/usr/local/texlive/2016/texmf-dist/tex/latex/listings/listings.cfg
File: listings.cfg 2015/06/04 1.6 listings configuration
))
Package: listings 2015/06/04 1.6 (Carsten Heinz)
 (/usr/local/texlive/2016/texmf-dist/tex/latex/psnfss/mathpazo.sty
Package: mathpazo 2005/04/12 PSNFSS-v9.2a Palatino w/ Pazo Math (D.Puga, WaS) 
\symupright=\mathgroup4
) (/usr/local/texlive/2016/texmf-dist/tex/latex/base/fontenc.sty
Package: fontenc 2005/09/27 v1.99g Standard LaTeX package
 (/usr/local/texlive/2016/texmf-dist/tex/latex/base/t1enc.def
File: t1enc.def 2005/09/27 v1.99g Standard LaTeX file
LaTeX Font Info:    Redeclaring font encoding T1 on input line 48.
)) (/usr/local/texlive/2016/texmf-dist/tex/latex/base/inputenc.sty
Package: inputenc 2015/03/17 v1.2c Input encoding file
\inpenc@prehook=\toks18
\inpenc@posthook=\toks19
 (/usr/local/texlive/2016/texmf-dist/tex/latex/base/utf8.def
File: utf8.def 2016/02/28 v1.1s UTF-8 support for inputenc
Now handling font encoding OML ...
... no UTF-8 mapping file for font encoding OML
Now handling font encoding T1 ...
... processing UTF-8 mapping file for font encoding T1
 (/usr/local/texlive/2016/texmf-dist/tex/latex/base/t1enc.dfu
File: t1enc.dfu 2016/02/28 v1.1s UTF-8 support for inputenc
   defining Unicode char U+00A0 (decimal 160)
   defining Unicode char U+00A1 (decimal 161)
   defining Unicode char U+00A3 (decimal 163)
   defining Unicode char U+00AB (decimal 171)
   defining Unicode char U+00AD (decimal 173)
   defining Unicode char U+00BB (decimal 187)
   defining Unicode char U+00BF (decimal 191)
   defining Unicode char U+00C0 (decimal 192)
   defining Unicode char U+00C1 (decimal 193)
   defining Unicode char U+00C2 (decimal 194)
   defining Unicode char U+00C3 (decimal 195)
   defining Unicode char U+00C4 (decimal 196)
   defining Unicode char U+00C5 (decimal 197)
   defining Unicode char U+00C6 (decimal 198)
   defining Unicode char U+00C7 (decimal 199)
   defining Unicode char U+00C8 (decimal 200)
   defining Unicode char U+00C9 (decimal 201)
   defining Unicode char U+00CA (decimal 202)
   defining Unicode char U+00CB (decimal 203)
   defining Unicode char U+00CC (decimal 204)
   defining Unicode char U+00CD (decimal 205)
   defining Unicode char U+00CE (decimal 206)
   defining Unicode char U+00CF (decimal 207)
   defining Unicode char U+00D0 (decimal 208)
   defining Unicode char U+00D1 (decimal 209)
   defining Unicode char U+00D2 (decimal 210)
   defining Unicode char U+00D3 (decimal 211)
   defining Unicode char U+00D4 (decimal 212)
   defining Unicode char U+00D5 (decimal 213)
   defining Unicode char U+00D6 (decimal 214)
   defining Unicode char U+00D8 (decimal 216)
   defining Unicode char U+00D9 (decimal 217)
   defining Unicode char U+00DA (decimal 218)
   defining Unicode char U+00DB (decimal 219)
   defining Unicode char U+00DC (decimal 220)
   defining Unicode char U+00DD (decimal 221)
   defining Unicode char U+00DE (decimal 222)
   defining Unicode char U+00DF (decimal 223)
   defining Unicode char U+00E0 (decimal 224)
   defining Unicode char U+00E1 (decimal 225)
   defining Unicode char U+00E2 (decimal 226)
   defining Unicode char U+00E3 (decimal 227)
   defining Unicode char U+00E4 (decimal 228)
   defining Unicode char U+00E5 (decimal 229)
   defining Unicode char U+00E6 (decimal 230)
   defining Unicode char U+00E7 (decimal 231)
   defining Unicode char U+00E8 (decimal 232)
   defining Unicode char U+00E9 (decimal 233)
   defining Unicode char U+00EA (decimal 234)
   defining Unicode char U+00EB (decimal 235)
   defining Unicode char U+00EC (decimal 236)
   defining Unicode char U+00ED (decimal 237)
   defining Unicode char U+00EE (decimal 238)
   defining Unicode char U+00EF (decimal 239)
   defining Unicode char U+00F0 (decimal 240)
   defining Unicode char U+00F1 (decimal 241)
   defining Unicode char U+00F2 (decimal 242)
   defining Unicode char U+00F3 (decimal 243)
   defining Unicode char U+00F4 (decimal 244)
   defining Unicode char U+00F5 (decimal 245)
   defining Unicode char U+00F6 (decimal 246)
   defining Unicode char U+00F8 (decimal 248)
   defining Unicode char U+00F9 (decimal 249)
   defining Unicode char U+00FA (decimal 250)
   defining Unicode char U+00FB (decimal 251)
   defining Unicode char U+00FC (decimal 252)
   defining Unicode char U+00FD (decimal 253)
   defining Unicode char U+00FE (decimal 254)
   defining Unicode char U+00FF (decimal 255)
   defining Unicode char U+0100 (decimal 256)
   defining Unicode char U+0101 (decimal 257)
   defining Unicode char U+0102 (decimal 258)
   defining Unicode char U+0103 (decimal 259)
   defining Unicode char U+0104 (decimal 260)
   defining Unicode char U+0105 (decimal 261)
   defining Unicode char U+0106 (decimal 262)
   defining Unicode char U+0107 (decimal 263)
   defining Unicode char U+0108 (decimal 264)
   defining Unicode char U+0109 (decimal 265)
   defining Unicode char U+010A (decimal 266)
   defining Unicode char U+010B (decimal 267)
   defining Unicode char U+010C (decimal 268)
   defining Unicode char U+010D (decimal 269)
   defining Unicode char U+010E (decimal 270)
   defining Unicode char U+010F (decimal 271)
   defining Unicode char U+0110 (decimal 272)
   defining Unicode char U+0111 (decimal 273)
   defining Unicode char U+0112 (decimal 274)
   defining Unicode char U+0113 (decimal 275)
   defining Unicode char U+0114 (decimal 276)
   defining Unicode char U+0115 (decimal 277)
   defining Unicode char U+0116 (decimal 278)
   defining Unicode char U+0117 (decimal 279)
   defining Unicode char U+0118 (decimal 280)
   defining Unicode char U+0119 (decimal 281)
   defining Unicode char U+011A (decimal 282)
   defining Unicode char U+011B (decimal 283)
   defining Unicode char U+011C (decimal 284)
   defining Unicode char U+011D (decimal 285)
   defining Unicode char U+011E (decimal 286)
   defining Unicode char U+011F (decimal 287)
   defining Unicode char U+0120 (decimal 288)
   defining Unicode char U+0121 (decimal 289)
   defining Unicode char U+0122 (decimal 290)
   defining Unicode char U+0123 (decimal 291)
   defining Unicode char U+0124 (decimal 292)
   defining Unicode char U+0125 (decimal 293)
   defining Unicode char U+0128 (decimal 296)
   defining Unicode char U+0129 (decimal 297)
   defining Unicode char U+012A (decimal 298)
   defining Unicode char U+012B (decimal 299)
   defining Unicode char U+012C (decimal 300)
   defining Unicode char U+012D (decimal 301)
   defining Unicode char U+012E (decimal 302)
   defining Unicode char U+012F (decimal 303)
   defining Unicode char U+0130 (decimal 304)
   defining Unicode char U+0131 (decimal 305)
   defining Unicode char U+0132 (decimal 306)
   defining Unicode char U+0133 (decimal 307)
   defining Unicode char U+0134 (decimal 308)
   defining Unicode char U+0135 (decimal 309)
   defining Unicode char U+0136 (decimal 310)
   defining Unicode char U+0137 (decimal 311)
   defining Unicode char U+0139 (decimal 313)
   defining Unicode char U+013A (decimal 314)
   defining Unicode char U+013B (decimal 315)
   defining Unicode char U+013C (decimal 316)
   defining Unicode char U+013D (decimal 317)
   defining Unicode char U+013E (decimal 318)
   defining Unicode char U+0141 (decimal 321)
   defining Unicode char U+0142 (decimal 322)
   defining Unicode char U+0143 (decimal 323)
   defining Unicode char U+0144 (decimal 324)
   defining Unicode char U+0145 (decimal 325)
   defining Unicode char U+0146 (decimal 326)
   defining Unicode char U+0147 (decimal 327)
   defining Unicode char U+0148 (decimal 328)
   defining Unicode char U+014A (decimal 330)
   defining Unicode char U+014B (decimal 331)
   defining Unicode char U+014C (decimal 332)
   defining Unicode char U+014D (decimal 333)
   defining Unicode char U+014E (decimal 334)
   defining Unicode char U+014F (decimal 335)
   defining Unicode char U+0150 (decimal 336)
   defining Unicode char U+0151 (decimal 337)
   defining Unicode char U+0152 (decimal 338)
   defining Unicode char U+0153 (decimal 339)
   defining Unicode char U+0154 (decimal 340)
   defining Unicode char U+0155 (decimal 341)
   defining Unicode char U+0156 (decimal 342)
   defining Unicode char U+0157 (decimal 343)
   defining Unicode char U+0158 (decimal 344)
   defining Unicode char U+0159 (decimal 345)
   defining Unicode char U+015A (decimal 346)
   defining Unicode char U+015B (decimal 347)
   defining Unicode char U+015C (decimal 348)
   defining Unicode char U+015D (decimal 349)
   defining Unicode char U+015E (decimal 350)
   defining Unicode char U+015F (decimal 351)
   defining Unicode char U+0160 (decimal 352)
   defining Unicode char U+0161 (decimal 353)
   defining Unicode char U+0162 (decimal 354)
   defining Unicode char U+0163 (decimal 355)
   defining Unicode char U+0164 (decimal 356)
   defining Unicode char U+0165 (decimal 357)
   defining Unicode char U+0168 (decimal 360)
   defining Unicode char U+0169 (decimal 361)
   defining Unicode char U+016A (decimal 362)
   defining Unicode char U+016B (decimal 363)
   defining Unicode char U+016C (decimal 364)
   defining Unicode char U+016D (decimal 365)
   defining Unicode char U+016E (decimal 366)
   defining Unicode char U+016F (decimal 367)
   defining Unicode char U+0170 (decimal 368)
   defining Unicode char U+0171 (decimal 369)
   defining Unicode char U+0172 (decimal 370)
   defining Unicode char U+0173 (decimal 371)
   defining Unicode char U+0174 (decimal 372)
   defining Unicode char U+0175 (decimal 373)
   defining Unicode char U+0176 (decimal 374)
   defining Unicode char U+0177 (decimal 375)
   defining Unicode char U+0178 (decimal 376)
   defining Unicode char U+0179 (decimal 377)
   defining Unicode char U+017A (decimal 378)
   defining Unicode char U+017B (decimal 379)
   defining Unicode char U+017C (decimal 380)
   defining Unicode char U+017D (decimal 381)
   defining Unicode char U+017E (decimal 382)
   defining Unicode char U+01CD (decimal 461)
   defining Unicode char U+01CE (decimal 462)
   defining Unicode char U+01CF (decimal 463)
   defining Unicode char U+01D0 (decimal 464)
   defining Unicode char U+01D1 (decimal 465)
   defining Unicode char U+01D2 (decimal 466)
   defining Unicode char U+01D3 (decimal 467)
   defining Unicode char U+01D4 (decimal 468)
   defining Unicode char U+01E2 (decimal 482)
   defining Unicode char U+01E3 (decimal 483)
   defining Unicode char U+01E6 (decimal 486)
   defining Unicode char U+01E7 (decimal 487)
   defining Unicode char U+01E8 (decimal 488)
   defining Unicode char U+01E9 (decimal 489)
   defining Unicode char U+01EA (decimal 490)
   defining Unicode char U+01EB (decimal 491)
   defining Unicode char U+01F0 (decimal 496)
   defining Unicode char U+01F4 (decimal 500)
   defining Unicode char U+01F5 (decimal 501)
   defining Unicode char U+0218 (decimal 536)
   defining Unicode char U+0219 (decimal 537)
   defining Unicode char U+021A (decimal 538)
   defining Unicode char U+021B (decimal 539)
   defining Unicode char U+1E02 (decimal 7682)
   defining Unicode char U+1E03 (decimal 7683)
   defining Unicode char U+200C (decimal 8204)
   defining Unicode char U+2010 (decimal 8208)
   defining Unicode char U+2011 (decimal 8209)
   defining Unicode char U+2012 (decimal 8210)
   defining Unicode char U+2013 (decimal 8211)
   defining Unicode char U+2014 (decimal 8212)
   defining Unicode char U+2015 (decimal 8213)
   defining Unicode char U+2018 (decimal 8216)
   defining Unicode char U+2019 (decimal 8217)
   defining Unicode char U+201A (decimal 8218)
   defining Unicode char U+201C (decimal 8220)
   defining Unicode char U+201D (decimal 8221)
   defining Unicode char U+201E (decimal 8222)
   defining Unicode char U+2030 (decimal 8240)
   defining Unicode char U+2031 (decimal 8241)
   defining Unicode char U+2039 (decimal 8249)
   defining Unicode char U+203A (decimal 8250)
   defining Unicode char U+2423 (decimal 9251)
)
Now handling font encoding OT1 ...
... processing UTF-8 mapping file for font encoding OT1
 (/usr/local/texlive/2016/texmf-dist/tex/latex/base/ot1enc.dfu
File: ot1enc.dfu 2016/02/28 v1.1s UTF-8 support for inputenc
   defining Unicode char U+00A0 (decimal 160)
   defining Unicode char U+00A1 (decimal 161)
   defining Unicode char U+00A3 (decimal 163)
   defining Unicode char U+00AD (decimal 173)
   defining Unicode char U+00B8 (decimal 184)
   defining Unicode char U+00BF (decimal 191)
   defining Unicode char U+00C5 (decimal 197)
   defining Unicode char U+00C6 (decimal 198)
   defining Unicode char U+00D8 (decimal 216)
   defining Unicode char U+00DF (decimal 223)
   defining Unicode char U+00E6 (decimal 230)
   defining Unicode char U+00EC (decimal 236)
   defining Unicode char U+00ED (decimal 237)
   defining Unicode char U+00EE (decimal 238)
   defining Unicode char U+00EF (decimal 239)
   defining Unicode char U+00F8 (decimal 248)
   defining Unicode char U+0131 (decimal 305)
   defining Unicode char U+0141 (decimal 321)
   defining Unicode char U+0142 (decimal 322)
   defining Unicode char U+0152 (decimal 338)
   defining Unicode char U+0153 (decimal 339)
   defining Unicode char U+0174 (decimal 372)
   defining Unicode char U+0175 (decimal 373)
   defining Unicode char U+0176 (decimal 374)
   defining Unicode char U+0177 (decimal 375)
   defining Unicode char U+0218 (decimal 536)
   defining Unicode char U+0219 (decimal 537)
   defining Unicode char U+021A (decimal 538)
   defining Unicode char U+021B (decimal 539)
   defining Unicode char U+2013 (decimal 8211)
   defining Unicode char U+2014 (decimal 8212)
   defining Unicode char U+2018 (decimal 8216)
   defining Unicode char U+2019 (decimal 8217)
   defining Unicode char U+201C (decimal 8220)
   defining Unicode char U+201D (decimal 8221)
)
Now handling font encoding OMS ...
... processing UTF-8 mapping file for font encoding OMS
 (/usr/local/texlive/2016/texmf-dist/tex/latex/base/omsenc.dfu
File: omsenc.dfu 2016/02/28 v1.1s UTF-8 support for inputenc
   defining Unicode char U+00A7 (decimal 167)
   defining Unicode char U+00B6 (decimal 182)
   defining Unicode char U+00B7 (decimal 183)
   defining Unicode char U+2020 (decimal 8224)
   defining Unicode char U+2021 (decimal 8225)
   defining Unicode char U+2022 (decimal 8226)
)
Now handling font encoding OMX ...
... no UTF-8 mapping file for font encoding OMX
Now handling font encoding U ...
... no UTF-8 mapping file for font encoding U
   defining Unicode char U+00A9 (decimal 169)
   defining Unicode char U+00AA (decimal 170)
   defining Unicode char U+00AE (decimal 174)
   defining Unicode char U+00BA (decimal 186)
   defining Unicode char U+02C6 (decimal 710)
   defining Unicode char U+02DC (decimal 732)
   defining Unicode char U+200C (decimal 8204)
   defining Unicode char U+2026 (decimal 8230)
   defining Unicode char U+2122 (decimal 8482)
   defining Unicode char U+2423 (decimal 9251)
)) (/usr/local/texlive/2016/texmf-dist/tex/generic/babel/babel.sty
Package: babel 2016/04/23 3.9r The Babel package
 (/usr/local/texlive/2016/texmf-dist/tex/generic/babel-german/ngerman.ldf
Language: ngerman 2013/12/13 v2.7 German support for babel (new orthography)
 (/usr/local/texlive/2016/texmf-dist/tex/generic/babel-german/ngermanb.ldf
Language: ngermanb 2013/12/13 v2.7 German support for babel (new orthography)
 (/usr/local/texlive/2016/texmf-dist/tex/generic/babel/babel.def
File: babel.def 2016/04/23 3.9r Babel common definitions
\babel@savecnt=\count100
\U@D=\dimen112
)
\l@naustrian = a dialect from \language\l@ngerman 
\l@nswissgerman = a dialect from \language\l@ngerman 
Package babel Info: Making " an active character on input line 88.
))) (/usr/local/texlive/2016/texmf-dist/tex/latex/hyperref/hyperref.sty
Package: hyperref 2016/05/05 v6.83n Hypertext links for LaTeX
 (/usr/local/texlive/2016/texmf-dist/tex/generic/oberdiek/hobsub-hyperref.sty
Package: hobsub-hyperref 2016/05/16 v1.14 Bundle oberdiek, subset hyperref (HO)

(/usr/local/texlive/2016/texmf-dist/tex/generic/oberdiek/hobsub-generic.sty
Package: hobsub-generic 2016/05/16 v1.14 Bundle oberdiek, subset generic (HO)
Package: hobsub 2016/05/16 v1.14 Construct package bundles (HO)
Package hobsub Info: Skipping package `infwarerr' (already loaded).
Package hobsub Info: Skipping package `ltxcmds' (already loaded).
Package: ifluatex 2016/05/16 v1.4 Provides the ifluatex switch (HO)
Package ifluatex Info: LuaTeX not detected.
Package: ifvtex 2016/05/16 v1.6 Detect VTeX and its facilities (HO)
Package ifvtex Info: VTeX not detected.
Package: intcalc 2016/05/16 v1.2 Expandable calculations with integers (HO)
Package: ifpdf 2016/05/14 v3.1 Provides the ifpdf switch
Package: etexcmds 2016/05/16 v1.6 Avoid name clashes with e-TeX commands (HO)
Package etexcmds Info: Could not find \expanded.
(etexcmds)             That can mean that you are not using pdfTeX 1.50 or
(etexcmds)             that some package has redefined \expanded.
(etexcmds)             In the latter case, load this package earlier.
Package: kvsetkeys 2016/05/16 v1.17 Key value parser (HO)
Package: kvdefinekeys 2016/05/16 v1.4 Define keys (HO)
Package: pdftexcmds 2016/05/10 v0.21 Utility functions of pdfTeX for LuaTeX (HO)
Package pdftexcmds Info: LuaTeX not detected.
Package pdftexcmds Info: \pdf@primitive is available.
Package pdftexcmds Info: \pdf@ifprimitive is available.
Package pdftexcmds Info: \pdfdraftmode found.
Package: pdfescape 2016/05/16 v1.14 Implements pdfTeX's escape features (HO)
Package: bigintcalc 2016/05/16 v1.4 Expandable calculations on big integers (HO)
Package: bitset 2016/05/16 v1.2 Handle bit-vector datatype (HO)
Package: uniquecounter 2016/05/16 v1.3 Provide unlimited unique counter (HO)
)
Package hobsub Info: Skipping package `hobsub' (already loaded).
Package: letltxmacro 2016/05/16 v1.5 Let assignment for LaTeX macros (HO)
Package: hopatch 2016/05/16 v1.3 Wrapper for package hooks (HO)
Package: xcolor-patch 2016/05/16 xcolor patch
Package: atveryend 2016/05/16 v1.9 Hooks at the very end of document (HO)
Package atveryend Info: \enddocument detected (standard20110627).
Package: atbegshi 2016/05/16 v1.17 At begin shipout hook (HO)
Package: refcount 2016/05/16 v3.5 Data extraction from label references (HO)
Package: hycolor 2016/05/16 v1.8 Color options for hyperref/bookmark (HO)
) (/usr/local/texlive/2016/texmf-dist/tex/generic/ifxetex/ifxetex.sty
Package: ifxetex 2010/09/12 v0.6 Provides ifxetex conditional
) (/usr/local/texlive/2016/texmf-dist/tex/latex/oberdiek/auxhook.sty
Package: auxhook 2016/05/16 v1.4 Hooks for auxiliary files (HO)
) (/usr/local/texlive/2016/texmf-dist/tex/latex/oberdiek/kvoptions.sty
Package: kvoptions 2016/05/16 v3.12 Key value format for package options (HO)
)
\@linkdim=\dimen113
\Hy@linkcounter=\count101
\Hy@pagecounter=\count102
 (/usr/local/texlive/2016/texmf-dist/tex/latex/hyperref/pd1enc.def
File: pd1enc.def 2016/05/05 v6.83n Hyperref: PDFDocEncoding definition (HO)
Now handling font encoding PD1 ...
... no UTF-8 mapping file for font encoding PD1
)
\Hy@SavedSpaceFactor=\count103
 (/usr/local/texlive/2016/texmf-dist/tex/latex/latexconfig/hyperref.cfg
File: hyperref.cfg 2002/06/06 v1.2 hyperref configuration of TeXLive
)
Package hyperref Info: Hyper figures OFF on input line 4446.
Package hyperref Info: Link nesting OFF on input line 4451.
Package hyperref Info: Hyper index ON on input line 4454.
Package hyperref Info: Plain pages OFF on input line 4461.
Package hyperref Info: Backreferencing OFF on input line 4466.
Package hyperref Info: Implicit mode ON; LaTeX internals redefined.
Package hyperref Info: Bookmarks ON on input line 4691.
\c@Hy@tempcnt=\count104
 (/usr/local/texlive/2016/texmf-dist/tex/latex/url/url.sty
\Urlmuskip=\muskip10
Package: url 2013/09/16  ver 3.4  Verb mode for urls, etc.
)
LaTeX Info: Redefining \url on input line 5044.
\XeTeXLinkMargin=\dimen114
\Fld@menulength=\count105
\Field@Width=\dimen115
\Fld@charsize=\dimen116
Package hyperref Info: Hyper figures OFF on input line 6298.
Package hyperref Info: Link nesting OFF on input line 6303.
Package hyperref Info: Hyper index ON on input line 6306.
Package hyperref Info: backreferencing OFF on input line 6313.
Package hyperref Info: Link coloring OFF on input line 6318.
Package hyperref Info: Link coloring with OCG OFF on input line 6323.
Package hyperref Info: PDF/A mode OFF on input line 6328.
LaTeX Info: Redefining \ref on input line 6368.
LaTeX Info: Redefining \pageref on input line 6372.
\Hy@abspage=\count106
\c@Item=\count107
\c@Hfootnote=\count108
)

Package hyperref Message: Driver (autodetected): hpdftex.

(/usr/local/texlive/2016/texmf-dist/tex/latex/hyperref/hpdftex.def
File: hpdftex.def 2016/05/05 v6.83n Hyperref driver for pdfTeX
\Fld@listcount=\count109
\c@bookmark@seq@number=\count110
 (/usr/local/texlive/2016/texmf-dist/tex/latex/oberdiek/rerunfilecheck.sty
Package: rerunfilecheck 2016/05/16 v1.8 Rerun checks for auxiliary files (HO)
Package uniquecounter Info: New unique counter `rerunfilecheck' on input line 282.
)
\Hy@SectionHShift=\skip44
) (/usr/local/texlive/2016/texmf-dist/tex/latex/caption/caption.sty
Package: caption 2016/02/21 v3.3-144 Customizing captions (AR)
 (/usr/local/texlive/2016/texmf-dist/tex/latex/caption/caption3.sty
Package: caption3 2016/02/04 v1.7-139 caption3 kernel (AR)
Package caption3 Info: TeX engine: e-TeX on input line 67.
\captionmargin=\dimen117
\captionmargin@=\dimen118
\captionwidth=\dimen119
\caption@tempdima=\dimen120
\caption@indent=\dimen121
\caption@parindent=\dimen122
\caption@hangindent=\dimen123
)
\c@ContinuedFloat=\count111
Package caption Info: hyperref package is loaded.
Package caption Info: listings package is loaded.
Package caption Info: wrapfig package is loaded.
) (/usr/local/texlive/2016/texmf-dist/tex/latex/adjustbox/adjustbox.sty
Package: adjustbox 2012/05/21 v1.0 Adjusting TeX boxes (trim, clip, ...)
 (/usr/local/texlive/2016/texmf-dist/tex/latex/xkeyval/xkeyval.sty
Package: xkeyval 2014/12/03 v2.7a package option processing (HA)
 (/usr/local/texlive/2016/texmf-dist/tex/generic/xkeyval/xkeyval.tex (/usr/local/texlive/2016/texmf-dist/tex/generic/xkeyval/xkvutils.tex
\XKV@toks=\toks20
\XKV@tempa@toks=\toks21
)
\XKV@depth=\count112
File: xkeyval.tex 2014/12/03 v2.7a key=value parser (HA)
)) (/usr/local/texlive/2016/texmf-dist/tex/latex/adjustbox/adjcalc.sty
Package: adjcalc 2012/05/16 v1.1 Provides advanced setlength with multiple back-ends (calc, etex, pgfmath)
) (/usr/local/texlive/2016/texmf-dist/tex/latex/adjustbox/trimclip.sty
Package: trimclip 2012/05/16 v1.0 Trim and clip general TeX material
 (/usr/local/texlive/2016/texmf-dist/tex/latex/collectbox/collectbox.sty
Package: collectbox 2012/05/17 v0.4b Collect macro arguments as boxes
\collectedbox=\box29
)
\tc@llx=\dimen124
\tc@lly=\dimen125
\tc@urx=\dimen126
\tc@ury=\dimen127
Package trimclip Info: Using driver 'tc-pdftex.def'.
 (/usr/local/texlive/2016/texmf-dist/tex/latex/adjustbox/tc-pdftex.def
File: tc-pdftex.def 2012/05/13 v1.0 Clipping driver for pdftex
))
\adjbox@Width=\dimen128
\adjbox@Height=\dimen129
\adjbox@Depth=\dimen130
\adjbox@Totalheight=\dimen131
 (/usr/local/texlive/2016/texmf-dist/tex/latex/ifoddpage/ifoddpage.sty
Package: ifoddpage 2016/04/23 v1.1 Conditionals for odd/even page detection
\c@checkoddpage=\count113
) (/usr/local/texlive/2016/texmf-dist/tex/latex/varwidth/varwidth.sty
Package: varwidth 2009/03/30 ver 0.92;  Variable-width minipages
\@vwid@box=\box30
\sift@deathcycles=\count114
\@vwid@loff=\dimen132
\@vwid@roff=\dimen133
)) (./tikz-uml.sty
Package: tikz-uml 2011/01/26
 (/usr/local/texlive/2016/texmf-dist/tex/latex/base/ifthen.sty
Package: ifthen 2014/09/29 v1.1c Standard LaTeX ifthen package (DPC)
) (/usr/local/texlive/2016/texmf-dist/tex/latex/pgf/frontendlayer/tikz.sty (/usr/local/texlive/2016/texmf-dist/tex/latex/pgf/basiclayer/pgf.sty (/usr/local/texlive/2016/texmf-dist/tex/latex/pgf/utilities/pgfrcs.sty (/usr/local/texlive/2016/texmf-dist/tex/generic/pgf/utilities/pgfutil-common.tex
\pgfutil@everybye=\toks22
\pgfutil@tempdima=\dimen134
\pgfutil@tempdimb=\dimen135
 (/usr/local/texlive/2016/texmf-dist/tex/generic/pgf/utilities/pgfutil-common-lists.tex)) (/usr/local/texlive/2016/texmf-dist/tex/generic/pgf/utilities/pgfutil-latex.def
\pgfutil@abb=\box31
 (/usr/local/texlive/2016/texmf-dist/tex/latex/ms/everyshi.sty
Package: everyshi 2001/05/15 v3.00 EveryShipout Package (MS)
)) (/usr/local/texlive/2016/texmf-dist/tex/generic/pgf/utilities/pgfrcs.code.tex
Package: pgfrcs 2015/08/07 v3.0.1a (rcs-revision 1.31)
))
Package: pgf 2015/08/07 v3.0.1a (rcs-revision 1.15)
 (/usr/local/texlive/2016/texmf-dist/tex/latex/pgf/basiclayer/pgfcore.sty (/usr/local/texlive/2016/texmf-dist/tex/latex/pgf/systemlayer/pgfsys.sty (/usr/local/texlive/2016/texmf-dist/tex/generic/pgf/systemlayer/pgfsys.code.tex
Package: pgfsys 2014/07/09 v3.0.1a (rcs-revision 1.48)
 (/usr/local/texlive/2016/texmf-dist/tex/generic/pgf/utilities/pgfkeys.code.tex
\pgfkeys@pathtoks=\toks23
\pgfkeys@temptoks=\toks24

(/usr/local/texlive/2016/texmf-dist/tex/generic/pgf/utilities/pgfkeysfiltered.code.tex
\pgfkeys@tmptoks=\toks25
))
\pgf@x=\dimen136
\pgf@y=\dimen137
\pgf@xa=\dimen138
\pgf@ya=\dimen139
\pgf@xb=\dimen140
\pgf@yb=\dimen141
\pgf@xc=\dimen142
\pgf@yc=\dimen143
\w@pgf@writea=\write3
\r@pgf@reada=\read1
\c@pgf@counta=\count115
\c@pgf@countb=\count116
\c@pgf@countc=\count117
\c@pgf@countd=\count118
\t@pgf@toka=\toks26
\t@pgf@tokb=\toks27
\t@pgf@tokc=\toks28
 (/usr/local/texlive/2016/texmf-dist/tex/generic/pgf/systemlayer/pgf.cfg
File: pgf.cfg 2008/05/14  (rcs-revision 1.7)
)
Driver file for pgf: pgfsys-pdftex.def
 (/usr/local/texlive/2016/texmf-dist/tex/generic/pgf/systemlayer/pgfsys-pdftex.def
File: pgfsys-pdftex.def 2014/10/11  (rcs-revision 1.35)
 (/usr/local/texlive/2016/texmf-dist/tex/generic/pgf/systemlayer/pgfsys-common-pdf.def
File: pgfsys-common-pdf.def 2013/10/10  (rcs-revision 1.13)
))) (/usr/local/texlive/2016/texmf-dist/tex/generic/pgf/systemlayer/pgfsyssoftpath.code.tex
File: pgfsyssoftpath.code.tex 2013/09/09  (rcs-revision 1.9)
\pgfsyssoftpath@smallbuffer@items=\count119
\pgfsyssoftpath@bigbuffer@items=\count120
) (/usr/local/texlive/2016/texmf-dist/tex/generic/pgf/systemlayer/pgfsysprotocol.code.tex
File: pgfsysprotocol.code.tex 2006/10/16  (rcs-revision 1.4)
)) (/usr/local/texlive/2016/texmf-dist/tex/latex/xcolor/xcolor.sty
Package: xcolor 2016/05/11 v2.12 LaTeX color extensions (UK)
 (/usr/local/texlive/2016/texmf-dist/tex/latex/graphics-cfg/color.cfg
File: color.cfg 2016/01/02 v1.6 sample color configuration
)
Package xcolor Info: Driver file: pdftex.def on input line 225.
Package xcolor Info: Model `cmy' substituted by `cmy0' on input line 1348.
Package xcolor Info: Model `hsb' substituted by `rgb' on input line 1352.
Package xcolor Info: Model `RGB' extended on input line 1364.
Package xcolor Info: Model `HTML' substituted by `rgb' on input line 1366.
Package xcolor Info: Model `Hsb' substituted by `hsb' on input line 1367.
Package xcolor Info: Model `tHsb' substituted by `hsb' on input line 1368.
Package xcolor Info: Model `HSB' substituted by `hsb' on input line 1369.
Package xcolor Info: Model `Gray' substituted by `gray' on input line 1370.
Package xcolor Info: Model `wave' substituted by `hsb' on input line 1371.
) (/usr/local/texlive/2016/texmf-dist/tex/generic/pgf/basiclayer/pgfcore.code.tex
Package: pgfcore 2010/04/11 v3.0.1a (rcs-revision 1.7)
 (/usr/local/texlive/2016/texmf-dist/tex/generic/pgf/math/pgfmath.code.tex (/usr/local/texlive/2016/texmf-dist/tex/generic/pgf/math/pgfmathcalc.code.tex (/usr/local/texlive/2016/texmf-dist/tex/generic/pgf/math/pgfmathutil.code.tex) (/usr/local/texlive/2016/texmf-dist/tex/generic/pgf/math/pgfmathparser.code.tex
\pgfmath@dimen=\dimen144
\pgfmath@count=\count121
\pgfmath@box=\box32
\pgfmath@toks=\toks29
\pgfmath@stack@operand=\toks30
\pgfmath@stack@operation=\toks31
) (/usr/local/texlive/2016/texmf-dist/tex/generic/pgf/math/pgfmathfunctions.code.tex (/usr/local/texlive/2016/texmf-dist/tex/generic/pgf/math/pgfmathfunctions.basic.code.tex) (/usr/local/texlive/2016/texmf-dist/tex/generic/pgf/math/pgfmathfunctions.trigonometric.code.tex) (/usr/local/texlive/2016/texmf-dist/tex/generic/pgf/math/pgfmathfunctions.random.code.tex) (/usr/local/texlive/2016/texmf-dist/tex/generic/pgf/math/pgfmathfunctions.comparison.code.tex) (/usr/local/texlive/2016/texmf-dist/tex/generic/pgf/math/pgfmathfunctions.base.code.tex) (/usr/local/texlive/2016/texmf-dist/tex/generic/pgf/math/pgfmathfunctions.round.code.tex) (/usr/local/texlive/2016/texmf-dist/tex/generic/pgf/math/pgfmathfunctions.misc.code.tex) (/usr/local/texlive/2016/texmf-dist/tex/generic/pgf/math/pgfmathfunctions.integerarithmetics.code.tex))) (/usr/local/texlive/2016/texmf-dist/tex/generic/pgf/math/pgfmathfloat.code.tex
\c@pgfmathroundto@lastzeros=\count122
)) (/usr/local/texlive/2016/texmf-dist/tex/generic/pgf/basiclayer/pgfcorepoints.code.tex
File: pgfcorepoints.code.tex 2013/10/07  (rcs-revision 1.27)
\pgf@picminx=\dimen145
\pgf@picmaxx=\dimen146
\pgf@picminy=\dimen147
\pgf@picmaxy=\dimen148
\pgf@pathminx=\dimen149
\pgf@pathmaxx=\dimen150
\pgf@pathminy=\dimen151
\pgf@pathmaxy=\dimen152
\pgf@xx=\dimen153
\pgf@xy=\dimen154
\pgf@yx=\dimen155
\pgf@yy=\dimen156
\pgf@zx=\dimen157
\pgf@zy=\dimen158
)
(/usr/local/texlive/2016/texmf-dist/tex/generic/pgf/basiclayer/pgfcorepathconstruct.code.tex
File: pgfcorepathconstruct.code.tex 2013/10/07  (rcs-revision 1.29)
\pgf@path@lastx=\dimen159
\pgf@path@lasty=\dimen160
) (/usr/local/texlive/2016/texmf-dist/tex/generic/pgf/basiclayer/pgfcorepathusage.code.tex
File: pgfcorepathusage.code.tex 2014/11/02  (rcs-revision 1.24)
\pgf@shorten@end@additional=\dimen161
\pgf@shorten@start@additional=\dimen162
) (/usr/local/texlive/2016/texmf-dist/tex/generic/pgf/basiclayer/pgfcorescopes.code.tex
File: pgfcorescopes.code.tex 2015/05/08  (rcs-revision 1.46)
\pgfpic=\box33
\pgf@hbox=\box34
\pgf@layerbox@main=\box35
\pgf@picture@serial@count=\count123
) (/usr/local/texlive/2016/texmf-dist/tex/generic/pgf/basiclayer/pgfcoregraphicstate.code.tex
File: pgfcoregraphicstate.code.tex 2014/11/02  (rcs-revision 1.12)
\pgflinewidth=\dimen163
) (/usr/local/texlive/2016/texmf-dist/tex/generic/pgf/basiclayer/pgfcoretransformations.code.tex
File: pgfcoretransformations.code.tex 2015/08/07  (rcs-revision 1.20)
\pgf@pt@x=\dimen164
\pgf@pt@y=\dimen165
\pgf@pt@temp=\dimen166
) (/usr/local/texlive/2016/texmf-dist/tex/generic/pgf/basiclayer/pgfcorequick.code.tex
File: pgfcorequick.code.tex 2008/10/09  (rcs-revision 1.3)
) (/usr/local/texlive/2016/texmf-dist/tex/generic/pgf/basiclayer/pgfcoreobjects.code.tex
File: pgfcoreobjects.code.tex 2006/10/11  (rcs-revision 1.2)
) (/usr/local/texlive/2016/texmf-dist/tex/generic/pgf/basiclayer/pgfcorepathprocessing.code.tex
File: pgfcorepathprocessing.code.tex 2013/09/09  (rcs-revision 1.9)
) (/usr/local/texlive/2016/texmf-dist/tex/generic/pgf/basiclayer/pgfcorearrows.code.tex
File: pgfcorearrows.code.tex 2015/05/14  (rcs-revision 1.43)
\pgfarrowsep=\dimen167
) (/usr/local/texlive/2016/texmf-dist/tex/generic/pgf/basiclayer/pgfcoreshade.code.tex
File: pgfcoreshade.code.tex 2013/07/15  (rcs-revision 1.15)
\pgf@max=\dimen168
\pgf@sys@shading@range@num=\count124
) (/usr/local/texlive/2016/texmf-dist/tex/generic/pgf/basiclayer/pgfcoreimage.code.tex
File: pgfcoreimage.code.tex 2013/07/15  (rcs-revision 1.18)
 (/usr/local/texlive/2016/texmf-dist/tex/generic/pgf/basiclayer/pgfcoreexternal.code.tex
File: pgfcoreexternal.code.tex 2014/07/09  (rcs-revision 1.21)
\pgfexternal@startupbox=\box36
)) (/usr/local/texlive/2016/texmf-dist/tex/generic/pgf/basiclayer/pgfcorelayers.code.tex
File: pgfcorelayers.code.tex 2013/07/18  (rcs-revision 1.7)
) (/usr/local/texlive/2016/texmf-dist/tex/generic/pgf/basiclayer/pgfcoretransparency.code.tex
File: pgfcoretransparency.code.tex 2013/09/30  (rcs-revision 1.5)
) (/usr/local/texlive/2016/texmf-dist/tex/generic/pgf/basiclayer/pgfcorepatterns.code.tex
File: pgfcorepatterns.code.tex 2013/11/07  (rcs-revision 1.5)
))) (/usr/local/texlive/2016/texmf-dist/tex/generic/pgf/modules/pgfmoduleshapes.code.tex
File: pgfmoduleshapes.code.tex 2014/03/21  (rcs-revision 1.35)
\pgfnodeparttextbox=\box37
) (/usr/local/texlive/2016/texmf-dist/tex/generic/pgf/modules/pgfmoduleplot.code.tex
File: pgfmoduleplot.code.tex 2015/08/03  (rcs-revision 1.13)
) (/usr/local/texlive/2016/texmf-dist/tex/latex/pgf/compatibility/pgfcomp-version-0-65.sty
Package: pgfcomp-version-0-65 2007/07/03 v3.0.1a (rcs-revision 1.7)
\pgf@nodesepstart=\dimen169
\pgf@nodesepend=\dimen170
) (/usr/local/texlive/2016/texmf-dist/tex/latex/pgf/compatibility/pgfcomp-version-1-18.sty
Package: pgfcomp-version-1-18 2007/07/23 v3.0.1a (rcs-revision 1.1)
)) (/usr/local/texlive/2016/texmf-dist/tex/latex/pgf/utilities/pgffor.sty (/usr/local/texlive/2016/texmf-dist/tex/latex/pgf/utilities/pgfkeys.sty (/usr/local/texlive/2016/texmf-dist/tex/generic/pgf/utilities/pgfkeys.code.tex)) (/usr/local/texlive/2016/texmf-dist/tex/latex/pgf/math/pgfmath.sty
(/usr/local/texlive/2016/texmf-dist/tex/generic/pgf/math/pgfmath.code.tex)) (/usr/local/texlive/2016/texmf-dist/tex/generic/pgf/utilities/pgffor.code.tex
Package: pgffor 2013/12/13 v3.0.1a (rcs-revision 1.25)
 (/usr/local/texlive/2016/texmf-dist/tex/generic/pgf/math/pgfmath.code.tex)
\pgffor@iter=\dimen171
\pgffor@skip=\dimen172
\pgffor@stack=\toks32
\pgffor@toks=\toks33
)) (/usr/local/texlive/2016/texmf-dist/tex/generic/pgf/frontendlayer/tikz/tikz.code.tex
Package: tikz 2015/08/07 v3.0.1a (rcs-revision 1.151)
 (/usr/local/texlive/2016/texmf-dist/tex/generic/pgf/libraries/pgflibraryplothandlers.code.tex
File: pgflibraryplothandlers.code.tex 2013/08/31 v3.0.1a (rcs-revision 1.20)
\pgf@plot@mark@count=\count125
\pgfplotmarksize=\dimen173
)
\tikz@lastx=\dimen174
\tikz@lasty=\dimen175
\tikz@lastxsaved=\dimen176
\tikz@lastysaved=\dimen177
\tikzleveldistance=\dimen178
\tikzsiblingdistance=\dimen179
\tikz@figbox=\box38
\tikz@figbox@bg=\box39
\tikz@tempbox=\box40
\tikz@tempbox@bg=\box41
\tikztreelevel=\count126
\tikznumberofchildren=\count127
\tikznumberofcurrentchild=\count128
\tikz@fig@count=\count129
 (/usr/local/texlive/2016/texmf-dist/tex/generic/pgf/modules/pgfmodulematrix.code.tex
File: pgfmodulematrix.code.tex 2013/09/17  (rcs-revision 1.8)
\pgfmatrixcurrentrow=\count130
\pgfmatrixcurrentcolumn=\count131
\pgf@matrix@numberofcolumns=\count132
)
\tikz@expandcount=\count133
 (/usr/local/texlive/2016/texmf-dist/tex/generic/pgf/frontendlayer/tikz/libraries/tikzlibrarytopaths.code.tex
File: tikzlibrarytopaths.code.tex 2008/06/17 v3.0.1a (rcs-revision 1.2)
))) (/usr/local/texlive/2016/texmf-dist/tex/generic/xstring/xstring.sty (/usr/local/texlive/2016/texmf-dist/tex/generic/xstring/xstring.tex
\@xs@message=\write4
\integerpart=\count134
\decimalpart=\count135
)
Package: xstring 2013/10/13  v1.7c  String manipulations (C Tellechea)
) (/usr/local/texlive/2016/texmf-dist/tex/latex/tools/calc.sty
Package: calc 2014/10/28 v4.3 Infix arithmetic (KKT,FJ)
\calc@Acount=\count136
\calc@Bcount=\count137
\calc@Adimen=\dimen180
\calc@Bdimen=\dimen181
\calc@Askip=\skip45
\calc@Bskip=\skip46
LaTeX Info: Redefining \setlength on input line 80.
LaTeX Info: Redefining \addtolength on input line 81.
\calc@Ccount=\count138
\calc@Cskip=\skip47
) (/usr/local/texlive/2016/texmf-dist/tex/latex/pgfopts/pgfopts.sty
Package: pgfopts 2014/07/10 v2.1a LaTeX package options with pgfkeys
\pgfopts@list@add@a@toks=\toks34
\pgfopts@list@add@b@toks=\toks35
) (/usr/local/texlive/2016/texmf-dist/tex/generic/pgf/frontendlayer/tikz/libraries/tikzlibrarybackgrounds.code.tex
File: tikzlibrarybackgrounds.code.tex 2013/07/18 v3.0.1a (rcs-revision 1.3)
\pgf@layerbox@background=\box42
\pgf@layerboxsaved@background=\box43
) (/usr/local/texlive/2016/texmf-dist/tex/generic/pgf/frontendlayer/tikz/libraries/tikzlibraryarrows.code.tex
File: tikzlibraryarrows.code.tex 2008/01/09 v3.0.1a (rcs-revision 1.1)
 (/usr/local/texlive/2016/texmf-dist/tex/generic/pgf/libraries/pgflibraryarrows.code.tex
File: pgflibraryarrows.code.tex 2013/09/23 v3.0.1a (rcs-revision 1.16)
\arrowsize=\dimen182
)) (/usr/local/texlive/2016/texmf-dist/tex/generic/pgf/frontendlayer/tikz/libraries/tikzlibraryshapes.code.tex
File: tikzlibraryshapes.code.tex 2008/01/09 v3.0.1a (rcs-revision 1.1)
 (/usr/local/texlive/2016/texmf-dist/tex/generic/pgf/frontendlayer/tikz/libraries/tikzlibraryshapes.geometric.code.tex
File: tikzlibraryshapes.geometric.code.tex 2008/01/09 v3.0.1a (rcs-revision 1.1)
 (/usr/local/texlive/2016/texmf-dist/tex/generic/pgf/libraries/shapes/pgflibraryshapes.geometric.code.tex
File: pgflibraryshapes.geometric.code.tex 2008/06/26 v3.0.1a (rcs-revision 1.1)
)) (/usr/local/texlive/2016/texmf-dist/tex/generic/pgf/frontendlayer/tikz/libraries/tikzlibraryshapes.misc.code.tex
File: tikzlibraryshapes.misc.code.tex 2008/01/09 v3.0.1a (rcs-revision 1.1)
 (/usr/local/texlive/2016/texmf-dist/tex/generic/pgf/libraries/shapes/pgflibraryshapes.misc.code.tex
File: pgflibraryshapes.misc.code.tex 2013/07/18 v3.0.1a (rcs-revision 1.5)
)) (/usr/local/texlive/2016/texmf-dist/tex/generic/pgf/frontendlayer/tikz/libraries/tikzlibraryshapes.symbols.code.tex
File: tikzlibraryshapes.symbols.code.tex 2008/01/09 v3.0.1a (rcs-revision 1.1)
 (/usr/local/texlive/2016/texmf-dist/tex/generic/pgf/libraries/shapes/pgflibraryshapes.symbols.code.tex
File: pgflibraryshapes.symbols.code.tex 2013/09/11 v3.0.1a (rcs-revision 1.6)
))
(/usr/local/texlive/2016/texmf-dist/tex/generic/pgf/frontendlayer/tikz/libraries/tikzlibraryshapes.arrows.code.tex
File: tikzlibraryshapes.arrows.code.tex 2008/01/09 v3.0.1a (rcs-revision 1.1)
 (/usr/local/texlive/2016/texmf-dist/tex/generic/pgf/libraries/shapes/pgflibraryshapes.arrows.code.tex
File: pgflibraryshapes.arrows.code.tex 2008/06/26 v3.0.1a (rcs-revision 1.1)
)) (/usr/local/texlive/2016/texmf-dist/tex/generic/pgf/frontendlayer/tikz/libraries/tikzlibraryshapes.callouts.code.tex (/usr/local/texlive/2016/texmf-dist/tex/generic/pgf/libraries/shapes/pgflibraryshapes.callouts.code.tex)) (/usr/local/texlive/2016/texmf-dist/tex/generic/pgf/frontendlayer/tikz/libraries/tikzlibraryshapes.multipart.code.tex
File: tikzlibraryshapes.multipart.code.tex 2008/01/09 v3.0.1a (rcs-revision 1.1)
 (/usr/local/texlive/2016/texmf-dist/tex/generic/pgf/libraries/shapes/pgflibraryshapes.multipart.code.tex
File: pgflibraryshapes.multipart.code.tex 2010/01/07 v3.0.1a (rcs-revision 1.2)
\pgfnodepartlowerbox=\box44
\pgfnodeparttwobox=\box45
\pgfnodepartthreebox=\box46
\pgfnodepartfourbox=\box47
\pgfnodeparttwentybox=\box48
\pgfnodepartnineteenbox=\box49
\pgfnodeparteighteenbox=\box50
\pgfnodepartseventeenbox=\box51
\pgfnodepartsixteenbox=\box52
\pgfnodepartfifteenbox=\box53
\pgfnodepartfourteenbox=\box54
\pgfnodepartthirteenbox=\box55
\pgfnodeparttwelvebox=\box56
\pgfnodepartelevenbox=\box57
\pgfnodeparttenbox=\box58
\pgfnodepartninebox=\box59
\pgfnodeparteightbox=\box60
\pgfnodepartsevenbox=\box61
\pgfnodepartsixbox=\box62
\pgfnodepartfivebox=\box63
))) (/usr/local/texlive/2016/texmf-dist/tex/generic/pgf/frontendlayer/tikz/libraries/tikzlibraryfit.code.tex
File: tikzlibraryfit.code.tex 2013/07/12 v3.0.1a (rcs-revision 1.5)
) (/usr/local/texlive/2016/texmf-dist/tex/generic/pgf/frontendlayer/tikz/libraries/tikzlibraryshadows.code.tex
File: tikzlibraryshadows.code.tex 2008/01/13 v3.0.1a (rcs-revision 1.3)
 (/usr/local/texlive/2016/texmf-dist/tex/generic/pgf/frontendlayer/tikz/libraries/tikzlibraryfadings.code.tex
File: tikzlibraryfadings.code.tex 2009/11/15 v3.0.1a (rcs-revision 1.2)
 (/usr/local/texlive/2016/texmf-dist/tex/generic/pgf/libraries/pgflibraryfadings.code.tex
File: pgflibraryfadings.code.tex 2008/02/07 v3.0.1a (rcs-revision 1.3)
))) (/usr/local/texlive/2016/texmf-dist/tex/generic/pgf/frontendlayer/tikz/libraries/tikzlibrarydecorations.markings.code.tex (/usr/local/texlive/2016/texmf-dist/tex/generic/pgf/frontendlayer/tikz/libraries/tikzlibrarydecorations.code.tex (/usr/local/texlive/2016/texmf-dist/tex/generic/pgf/modules/pgfmoduledecorations.code.tex
\pgfdecoratedcompleteddistance=\dimen183
\pgfdecoratedremainingdistance=\dimen184
\pgfdecoratedinputsegmentcompleteddistance=\dimen185
\pgfdecoratedinputsegmentremainingdistance=\dimen186
\pgf@decorate@distancetomove=\dimen187
\pgf@decorate@repeatstate=\count139
\pgfdecorationsegmentamplitude=\dimen188
\pgfdecorationsegmentlength=\dimen189
)
\tikz@lib@dec@box=\box64
) (/usr/local/texlive/2016/texmf-dist/tex/generic/pgf/libraries/decorations/pgflibrarydecorations.markings.code.tex))
\c@tikzumlPackageLayers=\count140
\pgf@layerbox@package0=\box65
\pgf@layerboxsaved@package0=\box66
\pgf@layerbox@package1=\box67
\pgf@layerboxsaved@package1=\box68
\pgf@layerbox@package2=\box69
\pgf@layerboxsaved@package2=\box70
\pgf@layerbox@package3=\box71
\pgf@layerboxsaved@package3=\box72
\c@tikzumlFragmentLayers=\count141
\pgf@layerbox@fragment0=\box73
\pgf@layerboxsaved@fragment0=\box74
\pgf@layerbox@fragment1=\box75
\pgf@layerboxsaved@fragment1=\box76
\pgf@layerbox@fragment2=\box77
\pgf@layerboxsaved@fragment2=\box78
\pgf@layerbox@fragment3=\box79
\pgf@layerboxsaved@fragment3=\box80
\c@tikzumlStateLayers=\count142
\pgf@layerbox@state0=\box81
\pgf@layerboxsaved@state0=\box82
\pgf@layerbox@state1=\box83
\pgf@layerboxsaved@state1=\box84
\pgf@layerbox@state2=\box85
\pgf@layerboxsaved@state2=\box86
\pgf@layerbox@state3=\box87
\pgf@layerboxsaved@state3=\box88
\c@tikzumlComponentLayers=\count143
\pgf@layerbox@component0=\box89
\pgf@layerboxsaved@component0=\box90
\pgf@layerbox@component1=\box91
\pgf@layerboxsaved@component1=\box92
\pgf@layerbox@component2=\box93
\pgf@layerboxsaved@component2=\box94
\pgf@layerbox@component3=\box95
\pgf@layerboxsaved@component3=\box96
\pgf@layerbox@lifelines=\box97
\pgf@layerboxsaved@lifelines=\box98
\pgf@layerbox@activity=\box99
\pgf@layerboxsaved@activity=\box100
\pgf@layerbox@connections=\box101
\pgf@layerboxsaved@connections=\box102
\c@tikzumlPackageClassNum=\count144
\c@tikzumlPackageSubPackageNum=\count145
\c@tikzumlRelationNum=\count146
\c@tikzumlNoteNum=\count147
\c@pos=\count148
\c@posT=\count149
\c@posStereo=\count150
\c@tikzumlPackageLevel=\count151
\tikzumlNestingSymbolSize=\dimen190
\c@tikzumlSystemUseCaseNum=\count152
\c@tikzumlSystemLevel=\count153
\c@tikzumlUseCaseNum=\count154
\c@tikzumlActorNum=\count155
\c@tikzumlStateJoinNum=\count156
\c@tikzumlStateDecisionNum=\count157
\c@tikzumlStateInitialNum=\count158
\c@tikzumlStateFinalNum=\count159
\c@tikzumlStateEnterNum=\count160
\c@tikzumlStateExitNum=\count161
\c@tikzumlStateEndNum=\count162
\c@tikzumlStateHistoryNum=\count163
\c@tikzumlStateDeepHistoryNum=\count164
\c@tikzumlStateLevel=\count165
\c@tikzumlStateSubStateNum=\count166
\c@tikzumlStateText=\count167
\c@tikzumlObjectNum=\count168
\c@tikzumlCallLevel=\count169
\c@tikzumlCallNum=\count170
\c@tikzumlFragmentLevel=\count171
\c@tikzumlFragmentLevelNum=\count172
\c@tikzumlFragmentNum=\count173
\c@tikzumlFragmentPartNum=\count174
\c@tikzumlCallStartFragmentNum=\count175
\c@tikzumlCallEndFragmentNum=\count176
\c@tikzumlSDNodeNum=\count177
\tikzumlCall@xa=\skip48
\tikzumlCall@xb=\skip49
\c@tikzumlComponentLevel=\count178
\c@tikzumlComponentSubComponentNum=\count179
\c@tikzumlConnectorNum=\count180
\tikzuml@AC@xa=\skip50
\tikzuml@AC@ya=\skip51
\tikzuml@AC@xb=\skip52
\tikzuml@AC@yb=\skip53
\tikzuml@AC@xi=\skip54
\tikzuml@AC@yi=\skip55
\tikzuml@AC@xic=\skip56
\tikzuml@AC@yic=\skip57
\tikzuml@AC@xio=\skip58
\tikzuml@AC@yio=\skip59
\tikzuml@AC@AB=\skip60
\tikzuml@AC@lambda=\skip61
\tikzuml@AC@xtrc=\skip62
\tikzuml@AC@ytrc=\skip63
\tikzuml@AC@xtlc=\skip64
\tikzuml@AC@ytlc=\skip65
\tikzuml@AC@xblc=\skip66
\tikzuml@AC@yblc=\skip67
\tikzuml@AC@xbrc=\skip68
\tikzuml@AC@ybrc=\skip69
\tikzuml@AC@middleArm=\skip70
) (/usr/local/texlive/2016/texmf-dist/tex/latex/placeins/placeins.sty
Package: placeins 2005/04/18  v 2.2
) (/Users/alexander/Documents/TUM/7. Semester/KAP/KAP-Arx-R-Terminal/Bericht/.texpadtmp/AusarbeitungR.aux

LaTeX Warning: Label `rterminalwindows' multiply defined.


LaTeX Warning: Label `factorVar' multiply defined.


LaTeX Warning: Label `readTable' multiply defined.


LaTeX Warning: Label `r' multiply defined.

)
\openout1 = `AusarbeitungR.aux'.

LaTeX Font Info:    Checking defaults for OML/cmm/m/it on input line 73.
LaTeX Font Info:    ... okay on input line 73.
LaTeX Font Info:    Checking defaults for T1/cmr/m/n on input line 73.
LaTeX Font Info:    ... okay on input line 73.
LaTeX Font Info:    Checking defaults for OT1/cmr/m/n on input line 73.
LaTeX Font Info:    ... okay on input line 73.
LaTeX Font Info:    Checking defaults for OMS/cmsy/m/n on input line 73.
LaTeX Font Info:    ... okay on input line 73.
LaTeX Font Info:    Checking defaults for OMX/cmex/m/n on input line 73.
LaTeX Font Info:    ... okay on input line 73.
LaTeX Font Info:    Checking defaults for U/cmr/m/n on input line 73.
LaTeX Font Info:    ... okay on input line 73.
LaTeX Font Info:    Checking defaults for PD1/pdf/m/n on input line 73.
LaTeX Font Info:    ... okay on input line 73.
LaTeX Font Info:    Try loading font information for T1+ppl on input line 73.
 (/usr/local/texlive/2016/texmf-dist/tex/latex/psnfss/t1ppl.fd
File: t1ppl.fd 2001/06/04 font definitions for T1/ppl.
)
LaTeX Info: Redefining \microtypecontext on input line 73.
Package microtype Info: Generating PDF output.
Package microtype Info: Character protrusion enabled (level 2).
Package microtype Info: Using default protrusion set `alltext'.
Package microtype Info: Automatic font expansion enabled (level 2),
(microtype)             stretch: 20, shrink: 20, step: 1, non-selected.
Package microtype Info: Using default expansion set `basictext'.
Package microtype Info: No adjustment of tracking.
Package microtype Info: No adjustment of interword spacing.
Package microtype Info: No adjustment of character kerning.
 (/usr/local/texlive/2016/texmf-dist/tex/latex/microtype/mt-ppl.cfg
File: mt-ppl.cfg 2005/11/16 v1.6 microtype config. file: Palatino (RS)
) (/usr/local/texlive/2016/texmf-dist/tex/context/base/mkii/supp-pdf.mkii
[Loading MPS to PDF converter (version 2006.09.02).]
\scratchcounter=\count181
\scratchdimen=\dimen191
\scratchbox=\box103
\nofMPsegments=\count182
\nofMParguments=\count183
\everyMPshowfont=\toks36
\MPscratchCnt=\count184
\MPscratchDim=\dimen192
\MPnumerator=\count185
\makeMPintoPDFobject=\count186
\everyMPtoPDFconversion=\toks37
) (/usr/local/texlive/2016/texmf-dist/tex/latex/oberdiek/epstopdf-base.sty
Package: epstopdf-base 2016/05/15 v2.6 Base part for package epstopdf
 (/usr/local/texlive/2016/texmf-dist/tex/latex/oberdiek/grfext.sty
Package: grfext 2016/05/16 v1.2 Manage graphics extensions (HO)
)
Package grfext Info: Graphics extension search list:
(grfext)             [.png,.pdf,.jpg,.mps,.jpeg,.jbig2,.jb2,.PNG,.PDF,.JPG,.JPEG,.JBIG2,.JB2,.eps]
(grfext)             \AppendGraphicsExtensions on input line 456.
 (/usr/local/texlive/2016/texmf-dist/tex/latex/latexconfig/epstopdf-sys.cfg
File: epstopdf-sys.cfg 2010/07/13 v1.3 Configuration of (r)epstopdf for TeX Live
))
\c@lstlisting=\count187
\big@size=\dimen193
\AtBeginShipoutBox=\box104
Package hyperref Info: Link coloring OFF on input line 73.
 (/usr/local/texlive/2016/texmf-dist/tex/latex/hyperref/nameref.sty
Package: nameref 2012/10/27 v2.43 Cross-referencing by name of section
 (/usr/local/texlive/2016/texmf-dist/tex/generic/oberdiek/gettitlestring.sty
Package: gettitlestring 2016/05/16 v1.5 Cleanup title references (HO)
)
\c@section@level=\count188
)
LaTeX Info: Redefining \ref on input line 73.
LaTeX Info: Redefining \pageref on input line 73.
LaTeX Info: Redefining \nameref on input line 73.
 (/Users/alexander/Documents/TUM/7. Semester/KAP/KAP-Arx-R-Terminal/Bericht/.texpadtmp/AusarbeitungR.out) (/Users/alexander/Documents/TUM/7. Semester/KAP/KAP-Arx-R-Terminal/Bericht/.texpadtmp/AusarbeitungR.out)
\@outlinefile=\write5
\openout5 = `AusarbeitungR.out'.

Package caption Info: Begin \AtBeginDocument code.
Package caption Info: End \AtBeginDocument code.
 ABD: EveryShipout initializing macros
LaTeX Font Info:    Font shape `T1/ppl/bx/n' in size <20.74> not available
(Font)              Font shape `T1/ppl/b/n' tried instead on input line 76.
Package babel Info: Redefining ngerman shorthand "|
(babel)             in language  on input line 84.
Package babel Info: Redefining ngerman shorthand "~
(babel)             in language  on input line 84.
Package babel Info: Redefining ngerman shorthand "|
(babel)             in language  on input line 84.
Package babel Info: Redefining ngerman shorthand "~
(babel)             in language  on input line 84.
 [1

{/usr/local/texlive/2016/texmf-var/fonts/map/pdftex/updmap/pdftex.map}]
LaTeX Font Info:    Font shape `T1/ppl/bx/n' in size <12> not available
(Font)              Font shape `T1/ppl/b/n' tried instead on input line 84.

Overfull \hbox (11.3505pt too wide) in paragraph at lines 86--87
[]\T1/ppl/m/n/12 (-20) Im Rah-men des Kli-ni-sches An-wen-dungs-pro-jek-tes wur-de die \T1/ppl/m/it/12 (-20) Ja-va\T1/ppl/m/n/12 (-20) -Software
 []

Package babel Info: Redefining ngerman shorthand "|
(babel)             in language  on input line 88.
Package babel Info: Redefining ngerman shorthand "~
(babel)             in language  on input line 88.
Package babel Info: Redefining ngerman shorthand "|
(babel)             in language  on input line 88.
Package babel Info: Redefining ngerman shorthand "~
(babel)             in language  on input line 88.
pdfTeX warning (ext4): destination with the same identifier (name{page.1}) has been already used, duplicate ignored
<to be read again> 
                   \relax 
l.88 \end{abstract}
                    [1]
LaTeX Font Info:    Font shape `T1/ppl/bx/n' in size <24.88> not available
(Font)              Font shape `T1/ppl/b/n' tried instead on input line 94.
 (/Users/alexander/Documents/TUM/7. Semester/KAP/KAP-Arx-R-Terminal/Bericht/.texpadtmp/AusarbeitungR.toc
LaTeX Font Info:    Try loading font information for OT1+ppl on input line 4.
 (/usr/local/texlive/2016/texmf-dist/tex/latex/psnfss/ot1ppl.fd
File: ot1ppl.fd 2001/06/04 font definitions for OT1/ppl.
)
LaTeX Font Info:    Try loading font information for OML+zplm on input line 4.
 (/usr/local/texlive/2016/texmf-dist/tex/latex/psnfss/omlzplm.fd
File: omlzplm.fd 2002/09/08 Fontinst v1.914 font definitions for OML/zplm.
)
LaTeX Font Info:    Try loading font information for OMS+zplm on input line 4.
 (/usr/local/texlive/2016/texmf-dist/tex/latex/psnfss/omszplm.fd
File: omszplm.fd 2002/09/08 Fontinst v1.914 font definitions for OMS/zplm.
)
LaTeX Font Info:    Try loading font information for OMX+zplm on input line 4.
 (/usr/local/texlive/2016/texmf-dist/tex/latex/psnfss/omxzplm.fd
File: omxzplm.fd 2002/09/08 Fontinst v1.914 font definitions for OMX/zplm.
)
LaTeX Font Info:    Try loading font information for OT1+zplm on input line 4.
 (/usr/local/texlive/2016/texmf-dist/tex/latex/psnfss/ot1zplm.fd
File: ot1zplm.fd 2002/09/08 Fontinst v1.914 font definitions for OT1/zplm.
)
Package microtype Info: Loading generic settings for font family
(microtype)             `zplm' (encoding: OT1).
(microtype)             For optimal results, create family-specific settings.
(microtype)             See the microtype manual for details.
Package babel Info: Redefining ngerman shorthand "|
(babel)             in language  on input line 30.
Package babel Info: Redefining ngerman shorthand "~
(babel)             in language  on input line 30.
Package babel Info: Redefining ngerman shorthand "|
(babel)             in language  on input line 30.
Package babel Info: Redefining ngerman shorthand "~
(babel)             in language  on input line 30.
pdfTeX warning (ext4): destination with the same identifier (name{page.1}) has been already used, duplicate ignored
<to be read again> 
                   \relax 
l.30 ...-Terminals ohne GUI}{27}{subsection.3.5.1}
                                                   [1

])
\tf@toc=\write6
\openout6 = `AusarbeitungR.toc'.

Package babel Info: Redefining ngerman shorthand "|
(babel)             in language  on input line 101.
Package babel Info: Redefining ngerman shorthand "~
(babel)             in language  on input line 101.
Package babel Info: Redefining ngerman shorthand "|
(babel)             in language  on input line 101.
Package babel Info: Redefining ngerman shorthand "~
(babel)             in language  on input line 101.
 [2]
Kapitel 1.
Package babel Info: Redefining ngerman shorthand "|
(babel)             in language  on input line 101.
Package babel Info: Redefining ngerman shorthand "~
(babel)             in language  on input line 101.

Underfull \hbox (badness 10000) in paragraph at lines 105--106

 []

LaTeX Font Info:    Font shape `T1/ppl/bx/n' in size <17.28> not available
(Font)              Font shape `T1/ppl/b/n' tried instead on input line 111.
Package babel Info: Redefining ngerman shorthand "|
(babel)             in language  on input line 115.
Package babel Info: Redefining ngerman shorthand "~
(babel)             in language  on input line 115.
Package babel Info: Redefining ngerman shorthand "|
(babel)             in language  on input line 115.
Package babel Info: Redefining ngerman shorthand "~
(babel)             in language  on input line 115.
[3

]
Package babel Info: Redefining ngerman shorthand "|
(babel)             in language  on input line 132.
Package babel Info: Redefining ngerman shorthand "~
(babel)             in language  on input line 132.
Package babel Info: Redefining ngerman shorthand "|
(babel)             in language  on input line 132.
Package babel Info: Redefining ngerman shorthand "~
(babel)             in language  on input line 132.
 [4]
Kapitel 2.
Package babel Info: Redefining ngerman shorthand "|
(babel)             in language  on input line 132.
Package babel Info: Redefining ngerman shorthand "~
(babel)             in language  on input line 132.
Package babel Info: Redefining ngerman shorthand "|
(babel)             in language  on input line 133.
Package babel Info: Redefining ngerman shorthand "~
(babel)             in language  on input line 133.

LaTeX Warning: Reference `Problemstellung' on page 5 undefined on input line 134.

LaTeX Font Info:    Try loading font information for OMS+ppl on input line 137.
(/usr/local/texlive/2016/texmf-dist/tex/latex/psnfss/omsppl.fd
File: omsppl.fd 
)
LaTeX Font Info:    Font shape `OMS/ppl/m/n' in size <12> not available
(Font)              Font shape `OMS/cmsy/m/n' tried instead on input line 137.
Package babel Info: Redefining ngerman shorthand "|
(babel)             in language  on input line 147.
Package babel Info: Redefining ngerman shorthand "~
(babel)             in language  on input line 147.
Package babel Info: Redefining ngerman shorthand "|
(babel)             in language  on input line 152.
Package babel Info: Redefining ngerman shorthand "~
(babel)             in language  on input line 152.
Package babel Info: Redefining ngerman shorthand "|
(babel)             in language  on input line 156.
Package babel Info: Redefining ngerman shorthand "~
(babel)             in language  on input line 156.
Package babel Info: Redefining ngerman shorthand "|
(babel)             in language  on input line 156.
Package babel Info: Redefining ngerman shorthand "~
(babel)             in language  on input line 156.
 [5

]
Underfull \hbox (badness 10000) in paragraph at lines 162--164

 []

<Bilder/SWT-Add-to-Build-Path.png, id=265, 751.80875pt x 755.82375pt>
File: Bilder/SWT-Add-to-Build-Path.png Graphic file (type png)
 <use Bilder/SWT-Add-to-Build-Path.png>
Package pdftex.def Info: Bilder/SWT-Add-to-Build-Path.png used on input line 170.
(pdftex.def)             Requested size: 175.49881pt x 176.43071pt.
 <Bilder/SWT-Configure-Build-Path.png, id=267, 751.80875pt x 755.82375pt>
File: Bilder/SWT-Configure-Build-Path.png Graphic file (type png)
 <use Bilder/SWT-Configure-Build-Path.png>
Package pdftex.def Info: Bilder/SWT-Configure-Build-Path.png used on input line 177.
(pdftex.def)             Requested size: 175.49881pt x 176.43071pt.
Package babel Info: Redefining ngerman shorthand "|
(babel)             in language  on input line 192.
Package babel Info: Redefining ngerman shorthand "~
(babel)             in language  on input line 192.
Package babel Info: Redefining ngerman shorthand "|
(babel)             in language  on input line 192.
Package babel Info: Redefining ngerman shorthand "~
(babel)             in language  on input line 192.
 [6 <./Bilder/SWT-Add-to-Build-Path.png> <./Bilder/SWT-Configure-Build-Path.png>] <Bilder/SWT-Remove-from-Build-Path.png, id=278, 963.6pt x 504.88625pt>
File: Bilder/SWT-Remove-from-Build-Path.png Graphic file (type png)
 <use Bilder/SWT-Remove-from-Build-Path.png>
Package pdftex.def Info: Bilder/SWT-Remove-from-Build-Path.png used on input line 218.
(pdftex.def)             Requested size: 390.0pt x 204.33913pt.
Package babel Info: Redefining ngerman shorthand "|
(babel)             in language  on input line 224.
Package babel Info: Redefining ngerman shorthand "~
(babel)             in language  on input line 224.

Underfull \hbox (badness 10000) in paragraph at lines 226--227

 []

<Bilder/rterminalwindows.png, id=282, 803.0pt x 448.67625pt>
File: Bilder/rterminalwindows.png Graphic file (type png)
 <use Bilder/rterminalwindows.png>
Package pdftex.def Info: Bilder/rterminalwindows.png used on input line 230.
(pdftex.def)             Requested size: 312.00119pt x 174.33264pt.
 <Bilder/R-TerminalWindows.png, id=283, 642.4pt x 327.2225pt>
File: Bilder/R-TerminalWindows.png Graphic file (type png)
 <use Bilder/R-TerminalWindows.png>
Package pdftex.def Info: Bilder/R-TerminalWindows.png used on input line 237.
(pdftex.def)             Requested size: 312.00119pt x 158.9274pt.
 <Bilder/R-Terminal.png, id=284, 798.985pt x 502.87875pt>
File: Bilder/R-Terminal.png Graphic file (type png)
 <use Bilder/R-Terminal.png>
Package pdftex.def Info: Bilder/R-Terminal.png used on input line 244.
(pdftex.def)             Requested size: 312.00119pt x 196.37514pt.
 <Bilder/rterminalsetup.png, id=285, 800.9925pt x 499.8675pt>
File: Bilder/rterminalsetup.png Graphic file (type png)
 <use Bilder/rterminalsetup.png>
Package pdftex.def Info: Bilder/rterminalsetup.png used on input line 251.
(pdftex.def)             Requested size: 312.00119pt x 194.71109pt.
LaTeX Font Info:    Font shape `T1/ppl/bx/n' in size <14.4> not available
(Font)              Font shape `T1/ppl/b/n' tried instead on input line 257.
Package babel Info: Redefining ngerman shorthand "|
(babel)             in language  on input line 257.
Package babel Info: Redefining ngerman shorthand "~
(babel)             in language  on input line 257.
Package babel Info: Redefining ngerman shorthand "|
(babel)             in language  on input line 259.
Package babel Info: Redefining ngerman shorthand "~
(babel)             in language  on input line 259.
Package babel Info: Redefining ngerman shorthand "|
(babel)             in language  on input line 259.
Package babel Info: Redefining ngerman shorthand "~
(babel)             in language  on input line 259.
 [7]
Package babel Info: Redefining ngerman shorthand "|
(babel)             in language  on input line 269.
Package babel Info: Redefining ngerman shorthand "~
(babel)             in language  on input line 269.
Package babel Info: Redefining ngerman shorthand "|
(babel)             in language  on input line 269.
Package babel Info: Redefining ngerman shorthand "~
(babel)             in language  on input line 269.
 [8 <./Bilder/SWT-Remove-from-Build-Path.png>]
Package babel Info: Redefining ngerman shorthand "|
(babel)             in language  on input line 269.
Package babel Info: Redefining ngerman shorthand "~
(babel)             in language  on input line 269.
Package babel Info: Redefining ngerman shorthand "|
(babel)             in language  on input line 269.
Package babel Info: Redefining ngerman shorthand "~
(babel)             in language  on input line 269.
 [9 <./Bilder/rterminalwindows.png> <./Bilder/R-TerminalWindows.png>]
Package babel Info: Redefining ngerman shorthand "|
(babel)             in language  on input line 269.
Package babel Info: Redefining ngerman shorthand "~
(babel)             in language  on input line 269.
Package babel Info: Redefining ngerman shorthand "|
(babel)             in language  on input line 269.
Package babel Info: Redefining ngerman shorthand "~
(babel)             in language  on input line 269.
 [10 <./Bilder/R-Terminal.png> <./Bilder/rterminalsetup.png>]
Package babel Info: Redefining ngerman shorthand "|
(babel)             in language  on input line 272.
Package babel Info: Redefining ngerman shorthand "~
(babel)             in language  on input line 272.
Package babel Info: Redefining ngerman shorthand "|
(babel)             in language  on input line 276.
Package babel Info: Redefining ngerman shorthand "~
(babel)             in language  on input line 276.
Package babel Info: Redefining ngerman shorthand "|
(babel)             in language  on input line 280.
Package babel Info: Redefining ngerman shorthand "~
(babel)             in language  on input line 280.
Package babel Info: Redefining ngerman shorthand "|
(babel)             in language  on input line 286.
Package babel Info: Redefining ngerman shorthand "~
(babel)             in language  on input line 286.
Package babel Info: Redefining ngerman shorthand "|
(babel)             in language  on input line 286.
Package babel Info: Redefining ngerman shorthand "~
(babel)             in language  on input line 286.
 [11]
LaTeX Font Info:    Try loading font information for T1+cmtt on input line 290.
 (/usr/local/texlive/2016/texmf-dist/tex/latex/base/t1cmtt.fd
File: t1cmtt.fd 2014/09/29 v2.5h Standard LaTeX font definitions
)
Package microtype Info: Loading generic settings for font family
(microtype)             `cmtt' (encoding: T1).
(microtype)             For optimal results, create family-specific settings.
(microtype)             See the microtype manual for details.
 (/usr/local/texlive/2016/texmf-dist/tex/latex/listings/lstlang1.sty
File: lstlang1.sty 2015/06/04 1.6 listings language file
) (/usr/local/texlive/2016/texmf-dist/tex/latex/listings/lstlang2.sty
File: lstlang2.sty 2015/06/04 1.6 listings language file
) (/usr/local/texlive/2016/texmf-dist/tex/latex/listings/lstlang3.sty
File: lstlang3.sty 2015/06/04 1.6 listings language file
)
Package babel Info: Redefining ngerman shorthand "|
(babel)             in language  on input line 332.
Package babel Info: Redefining ngerman shorthand "~
(babel)             in language  on input line 332.
Package babel Info: Redefining ngerman shorthand "|
(babel)             in language  on input line 332.
Package babel Info: Redefining ngerman shorthand "~
(babel)             in language  on input line 332.
 [12]
Package babel Info: Redefining ngerman shorthand "|
(babel)             in language  on input line 361.
Package babel Info: Redefining ngerman shorthand "~
(babel)             in language  on input line 361.
Package babel Info: Redefining ngerman shorthand "|
(babel)             in language  on input line 361.
Package babel Info: Redefining ngerman shorthand "~
(babel)             in language  on input line 361.
 [13]
Overfull \hbox (6.00403pt too wide) in paragraph at lines 371--372
[][][][][][][][][][][][][][][][] 
 []

Package babel Info: Redefining ngerman shorthand "|
(babel)             in language  on input line 394.
Package babel Info: Redefining ngerman shorthand "~
(babel)             in language  on input line 394.
Package babel Info: Redefining ngerman shorthand "|
(babel)             in language  on input line 398.
Package babel Info: Redefining ngerman shorthand "~
(babel)             in language  on input line 398.
Package babel Info: Redefining ngerman shorthand "|
(babel)             in language  on input line 398.
Package babel Info: Redefining ngerman shorthand "~
(babel)             in language  on input line 398.
[14]
Package babel Info: Redefining ngerman shorthand "|
(babel)             in language  on input line 435.
Package babel Info: Redefining ngerman shorthand "~
(babel)             in language  on input line 435.
Package babel Info: Redefining ngerman shorthand "|
(babel)             in language  on input line 435.
Package babel Info: Redefining ngerman shorthand "~
(babel)             in language  on input line 435.
 [15]
Package babel Info: Redefining ngerman shorthand "|
(babel)             in language  on input line 465.
Package babel Info: Redefining ngerman shorthand "~
(babel)             in language  on input line 465.
Package babel Info: Redefining ngerman shorthand "|
(babel)             in language  on input line 465.
Package babel Info: Redefining ngerman shorthand "~
(babel)             in language  on input line 465.
 [16]
Kapitel 3.
Package babel Info: Redefining ngerman shorthand "|
(babel)             in language  on input line 467.
Package babel Info: Redefining ngerman shorthand "~
(babel)             in language  on input line 467.
Package babel Info: Redefining ngerman shorthand "|
(babel)             in language  on input line 469.
Package babel Info: Redefining ngerman shorthand "~
(babel)             in language  on input line 469.
Package babel Info: Redefining ngerman shorthand "|
(babel)             in language  on input line 476.
Package babel Info: Redefining ngerman shorthand "~
(babel)             in language  on input line 476.

Overfull \hbox (22.94704pt too wide) in paragraph at lines 478--479
\T1/ppl/m/n/12 (-20) bein-hal-tet die gra-phi-sche Be-nut-ze-ro-ber-fl-che, das Zwei-te ^^Rorg.deidentifier.arx.r^^P
 []


Underfull \hbox (badness 10000) in paragraph at lines 480--481

 []

<Bilder/Klassendiagramm.pdf, id=459, 592.47336pt x 769.45047pt>
File: Bilder/Klassendiagramm.pdf Graphic file (type pdf)
 <use Bilder/Klassendiagramm.pdf>
Package pdftex.def Info: Bilder/Klassendiagramm.pdf used on input line 485.
(pdftex.def)             Requested size: 426.79134pt x 554.27396pt.

Overfull \hbox (36.79134pt too wide) in paragraph at lines 485--486
[][] 
 []


LaTeX Warning: `!h' float specifier changed to `!ht'.

Package babel Info: Redefining ngerman shorthand "|
(babel)             in language  on input line 489.
Package babel Info: Redefining ngerman shorthand "~
(babel)             in language  on input line 489.
Package babel Info: Redefining ngerman shorthand "|
(babel)             in language  on input line 489.
Package babel Info: Redefining ngerman shorthand "~
(babel)             in language  on input line 489.
[17

]
Package babel Info: Redefining ngerman shorthand "|
(babel)             in language  on input line 489.
Package babel Info: Redefining ngerman shorthand "~
(babel)             in language  on input line 489.
Package babel Info: Redefining ngerman shorthand "|
(babel)             in language  on input line 489.
Package babel Info: Redefining ngerman shorthand "~
(babel)             in language  on input line 489.
 [18 <./Bilder/Klassendiagramm.pdf>]
Package babel Info: Redefining ngerman shorthand "|
(babel)             in language  on input line 492.
Package babel Info: Redefining ngerman shorthand "~
(babel)             in language  on input line 492.
Package babel Info: Redefining ngerman shorthand "|
(babel)             in language  on input line 508.
Package babel Info: Redefining ngerman shorthand "~
(babel)             in language  on input line 508.
Package babel Info: Redefining ngerman shorthand "|
(babel)             in language  on input line 514.
Package babel Info: Redefining ngerman shorthand "~
(babel)             in language  on input line 514.

Underfull \hbox (badness 10000) in paragraph at lines 516--517

 []


Underfull \hbox (badness 10000) in paragraph at lines 518--521

 []

Package babel Info: Redefining ngerman shorthand "|
(babel)             in language  on input line 526.
Package babel Info: Redefining ngerman shorthand "~
(babel)             in language  on input line 526.
Package babel Info: Redefining ngerman shorthand "|
(babel)             in language  on input line 526.
Package babel Info: Redefining ngerman shorthand "~
(babel)             in language  on input line 526.
[19

]
Package babel Info: Redefining ngerman shorthand "|
(babel)             in language  on input line 526.
Package babel Info: Redefining ngerman shorthand "~
(babel)             in language  on input line 526.

Underfull \hbox (badness 10000) in paragraph at lines 528--529

 []


Underfull \hbox (badness 10000) in paragraph at lines 545--546

 []

Package babel Info: Redefining ngerman shorthand "|
(babel)             in language  on input line 550.
Package babel Info: Redefining ngerman shorthand "~
(babel)             in language  on input line 550.
Package babel Info: Redefining ngerman shorthand "|
(babel)             in language  on input line 550.
Package babel Info: Redefining ngerman shorthand "~
(babel)             in language  on input line 550.
[20]
Package babel Info: Redefining ngerman shorthand "|
(babel)             in language  on input line 555.
Package babel Info: Redefining ngerman shorthand "~
(babel)             in language  on input line 555.

Underfull \hbox (badness 10000) in paragraph at lines 557--558

 []


Underfull \hbox (badness 10000) in paragraph at lines 559--561

 []


Overfull \hbox (7.20319pt too wide) in paragraph at lines 562--563
[]\T1/ppl/m/n/12 (-20) Das Kom-po-si-tum ^^Rtop-li-ne^^P um-fasst ei-ne Kom-man-do-zei-le, ein Dropdown-
 []


Underfull \hbox (badness 10000) in paragraph at lines 566--567

 []

Package babel Info: Redefining ngerman shorthand "|
(babel)             in language  on input line 569.
Package babel Info: Redefining ngerman shorthand "~
(babel)             in language  on input line 569.
Package babel Info: Redefining ngerman shorthand "|
(babel)             in language  on input line 569.
Package babel Info: Redefining ngerman shorthand "~
(babel)             in language  on input line 569.
[21]
Underfull \hbox (badness 10000) in paragraph at lines 573--575

 []


Overfull \hbox (56.85054pt too wide) in paragraph at lines 576--577
[]\T1/ppl/m/n/12 (-20) Auerdem wird nach ei-nem er-folg-reich Start von \T1/ppl/m/it/12 (-20) R \T1/ppl/m/n/12 (-20) durch ^^RstartRIntegration($\OML/zplm/m/it/12 String$
 []

Package babel Info: Redefining ngerman shorthand "|
(babel)             in language  on input line 578.
Package babel Info: Redefining ngerman shorthand "~
(babel)             in language  on input line 578.
Package babel Info: Redefining ngerman shorthand "|
(babel)             in language  on input line 583.
Package babel Info: Redefining ngerman shorthand "~
(babel)             in language  on input line 583.
Package babel Info: Redefining ngerman shorthand "|
(babel)             in language  on input line 583.
Package babel Info: Redefining ngerman shorthand "~
(babel)             in language  on input line 583.
[22]
Package babel Info: Redefining ngerman shorthand "|
(babel)             in language  on input line 584.
Package babel Info: Redefining ngerman shorthand "~
(babel)             in language  on input line 584.
Package babel Info: Redefining ngerman shorthand "|
(babel)             in language  on input line 589.
Package babel Info: Redefining ngerman shorthand "~
(babel)             in language  on input line 589.
Package babel Info: Redefining ngerman shorthand "|
(babel)             in language  on input line 594.
Package babel Info: Redefining ngerman shorthand "~
(babel)             in language  on input line 594.
Package babel Info: Redefining ngerman shorthand "|
(babel)             in language  on input line 610.
Package babel Info: Redefining ngerman shorthand "~
(babel)             in language  on input line 610.
Package babel Info: Redefining ngerman shorthand "|
(babel)             in language  on input line 613.
Package babel Info: Redefining ngerman shorthand "~
(babel)             in language  on input line 613.
Package babel Info: Redefining ngerman shorthand "|
(babel)             in language  on input line 613.
Package babel Info: Redefining ngerman shorthand "~
(babel)             in language  on input line 613.
 [23]
Underfull \hbox (badness 10000) in paragraph at lines 622--625

 []


Underfull \hbox (badness 10000) in paragraph at lines 628--629

 []

Package babel Info: Redefining ngerman shorthand "|
(babel)             in language  on input line 634.
Package babel Info: Redefining ngerman shorthand "~
(babel)             in language  on input line 634.
Package babel Info: Redefining ngerman shorthand "|
(babel)             in language  on input line 634.
Package babel Info: Redefining ngerman shorthand "~
(babel)             in language  on input line 634.
[24]
Underfull \hbox (badness 10000) in paragraph at lines 635--636

 []


Underfull \hbox (badness 10000) in paragraph at lines 637--638

 []

Package babel Info: Redefining ngerman shorthand "|
(babel)             in language  on input line 642.
Package babel Info: Redefining ngerman shorthand "~
(babel)             in language  on input line 642.

Overfull \hbox (11.43416pt too wide) in paragraph at lines 644--645
\T1/ppl/m/n/12 (-20) wen-de-ten Be-trieb-sys-tems, die An-pas-sung der Pfa-de der Standart-Speicherorte
 []


Underfull \hbox (badness 10000) in paragraph at lines 644--645

 []


Underfull \hbox (badness 10000) in paragraph at lines 646--647

 []

Package babel Info: Redefining ngerman shorthand "|
(babel)             in language  on input line 650.
Package babel Info: Redefining ngerman shorthand "~
(babel)             in language  on input line 650.
Package babel Info: Redefining ngerman shorthand "|
(babel)             in language  on input line 650.
Package babel Info: Redefining ngerman shorthand "~
(babel)             in language  on input line 650.
[25]
Underfull \hbox (badness 10000) in paragraph at lines 651--652

 []


Underfull \hbox (badness 10000) in paragraph at lines 653--654

 []


Underfull \hbox (badness 10000) in paragraph at lines 655--656

 []


Underfull \hbox (badness 10000) in paragraph at lines 657--658

 []

Package babel Info: Redefining ngerman shorthand "|
(babel)             in language  on input line 661.
Package babel Info: Redefining ngerman shorthand "~
(babel)             in language  on input line 661.
Package babel Info: Redefining ngerman shorthand "|
(babel)             in language  on input line 665.
Package babel Info: Redefining ngerman shorthand "~
(babel)             in language  on input line 665.
Package babel Info: Redefining ngerman shorthand "|
(babel)             in language  on input line 665.
Package babel Info: Redefining ngerman shorthand "~
(babel)             in language  on input line 665.
[26]
Package babel Info: Redefining ngerman shorthand "|
(babel)             in language  on input line 666.
Package babel Info: Redefining ngerman shorthand "~
(babel)             in language  on input line 666.

Underfull \hbox (badness 10000) in paragraph at lines 668--669

 []

Package babel Info: Redefining ngerman shorthand "|
(babel)             in language  on input line 676.
Package babel Info: Redefining ngerman shorthand "~
(babel)             in language  on input line 676.
Package babel Info: Redefining ngerman shorthand "|
(babel)             in language  on input line 682.
Package babel Info: Redefining ngerman shorthand "~
(babel)             in language  on input line 682.
Package babel Info: Redefining ngerman shorthand "|
(babel)             in language  on input line 698.
Package babel Info: Redefining ngerman shorthand "~
(babel)             in language  on input line 698.
Package babel Info: Redefining ngerman shorthand "|
(babel)             in language  on input line 698.
Package babel Info: Redefining ngerman shorthand "~
(babel)             in language  on input line 698.
[27] (/usr/local/texlive/2016/texmf-dist/tex/latex/listings/lstlang1.sty
File: lstlang1.sty 2015/06/04 1.6 listings language file
)
Underfull \hbox (badness 10000) in paragraph at lines 705--708

 []


Underfull \hbox (badness 10000) in paragraph at lines 713--716

 []

Package babel Info: Redefining ngerman shorthand "|
(babel)             in language  on input line 717.
Package babel Info: Redefining ngerman shorthand "~
(babel)             in language  on input line 717.
Package babel Info: Redefining ngerman shorthand "|
(babel)             in language  on input line 719.
Package babel Info: Redefining ngerman shorthand "~
(babel)             in language  on input line 719.
Package babel Info: Redefining ngerman shorthand "|
(babel)             in language  on input line 746.
Package babel Info: Redefining ngerman shorthand "~
(babel)             in language  on input line 746.
Package babel Info: Redefining ngerman shorthand "|
(babel)             in language  on input line 746.
Package babel Info: Redefining ngerman shorthand "~
(babel)             in language  on input line 746.
[28]
Underfull \hbox (badness 10000) in paragraph at lines 762--763

 []

Package babel Info: Redefining ngerman shorthand "|
(babel)             in language  on input line 771.
Package babel Info: Redefining ngerman shorthand "~
(babel)             in language  on input line 771.

Overfull \hbox (14.08105pt too wide) in paragraph at lines 801--802
\T1/ppl/m/n/12 (-20) Diese Me-tho-de durch-sucht das ber-ge-be-ne Ver-zeich-nis nach ei-ner \T1/ppl/m/it/12 (-20) R\T1/ppl/m/n/12 (-20) -Executive 
 []

Package babel Info: Redefining ngerman shorthand "|
(babel)             in language  on input line 804.
Package babel Info: Redefining ngerman shorthand "~
(babel)             in language  on input line 804.
Package babel Info: Redefining ngerman shorthand "|
(babel)             in language  on input line 804.
Package babel Info: Redefining ngerman shorthand "~
(babel)             in language  on input line 804.
[29]
Package babel Info: Redefining ngerman shorthand "|
(babel)             in language  on input line 841.
Package babel Info: Redefining ngerman shorthand "~
(babel)             in language  on input line 841.

Underfull \hbox (badness 10000) in paragraph at lines 847--848

 []

Package babel Info: Redefining ngerman shorthand "|
(babel)             in language  on input line 853.
Package babel Info: Redefining ngerman shorthand "~
(babel)             in language  on input line 853.
Package babel Info: Redefining ngerman shorthand "|
(babel)             in language  on input line 853.
Package babel Info: Redefining ngerman shorthand "~
(babel)             in language  on input line 853.
[30]
Underfull \hbox (badness 10000) in paragraph at lines 853--854

 []


Underfull \hbox (badness 10000) in paragraph at lines 859--860

 []

Package babel Info: Redefining ngerman shorthand "|
(babel)             in language  on input line 867.
Package babel Info: Redefining ngerman shorthand "~
(babel)             in language  on input line 867.

Underfull \hbox (badness 10000) in paragraph at lines 873--876

 []


Underfull \hbox (badness 10000) in paragraph at lines 881--882

 []


Underfull \hbox (badness 10000) in paragraph at lines 887--888

 []

Package babel Info: Redefining ngerman shorthand "|
(babel)             in language  on input line 896.
Package babel Info: Redefining ngerman shorthand "~
(babel)             in language  on input line 896.

Underfull \hbox (badness 10000) in paragraph at lines 898--900

 []

Package babel Info: Redefining ngerman shorthand "|
(babel)             in language  on input line 900.
Package babel Info: Redefining ngerman shorthand "~
(babel)             in language  on input line 900.
Package babel Info: Redefining ngerman shorthand "|
(babel)             in language  on input line 900.
Package babel Info: Redefining ngerman shorthand "~
(babel)             in language  on input line 900.
[31]
Package babel Info: Redefining ngerman shorthand "|
(babel)             in language  on input line 903.
Package babel Info: Redefining ngerman shorthand "~
(babel)             in language  on input line 903.
Package babel Info: Redefining ngerman shorthand "|
(babel)             in language  on input line 907.
Package babel Info: Redefining ngerman shorthand "~
(babel)             in language  on input line 907.
Package babel Info: Redefining ngerman shorthand "|
(babel)             in language  on input line 913.
Package babel Info: Redefining ngerman shorthand "~
(babel)             in language  on input line 913.

Underfull \hbox (badness 10000) in paragraph at lines 916--917

 []

Package babel Info: Redefining ngerman shorthand "|
(babel)             in language  on input line 930.
Package babel Info: Redefining ngerman shorthand "~
(babel)             in language  on input line 930.
Package babel Info: Redefining ngerman shorthand "|
(babel)             in language  on input line 930.
Package babel Info: Redefining ngerman shorthand "~
(babel)             in language  on input line 930.
[32]
Overfull \hbox (49.61122pt too wide) in paragraph at lines 944--945
[]\T1/cmtt/m/n/12 https://biometrie.charite.de/fileadmin/user_upload/microsites/m_cc04/
 []


Overfull \hbox (63.1929pt too wide) in paragraph at lines 958--959
[]\T1/cmtt/m/n/12 https://docs.oracle.com/javase/7/docs/api/java/lang/ProcessBuilder.html 
 []

Package babel Info: Redefining ngerman shorthand "|
(babel)             in language  on input line 964.
Package babel Info: Redefining ngerman shorthand "~
(babel)             in language  on input line 964.
Package babel Info: Redefining ngerman shorthand "|
(babel)             in language  on input line 964.
Package babel Info: Redefining ngerman shorthand "~
(babel)             in language  on input line 964.
[33

]
Package atveryend Info: Empty hook `BeforeClearDocument' on input line 964.
Package atveryend Info: Empty hook `AfterLastShipout' on input line 964.
 (/Users/alexander/Documents/TUM/7. Semester/KAP/KAP-Arx-R-Terminal/Bericht/.texpadtmp/AusarbeitungR.aux)
Package atveryend Info: Executing hook `AtVeryEndDocument' on input line 964.
Package atveryend Info: Executing hook `AtEndAfterFileList' on input line 964.
Package rerunfilecheck Info: File `AusarbeitungR.out' has not changed.
(rerunfilecheck)             Checksum: <no file>.


LaTeX Warning: There were undefined references.


LaTeX Warning: There were multiply-defined labels.

Package atveryend Info: Empty hook `AtVeryVeryEnd' on input line 964.
 ) 
Here is how much of TeX's memory you used:
 27174 strings out of 493014
 524910 string characters out of 6133350
 733846 words of memory out of 5000000
 29722 multiletter control sequences out of 15000+600000
 46183 words of font info for 236 fonts, out of 8000000 for 9000
 1141 hyphenation exceptions out of 8191
 62i,8n,84p,937b,1748s stack positions out of 5000i,500n,10000p,200000b,80000s
pdfTeX warning (dest): name{lstnumber.2.11.20} has been referenced but does not exist, replaced by a fixed one

pdfTeX warning (dest): name{lstnumber.2.9.16} has been referenced but does not exist, replaced by a fixed one

{/usr/local/texlive/2016/texmf-dist/fonts/enc/dvips/cm-super/cm-super-t1.enc}{/usr/local/texlive/2016/texmf-dist/fonts/enc/dvips/base/8r.enc}</usr/local/texlive/2016/texmf-dist/fonts/type1/public/amsfonts/cm/cmmi10.pfb></usr/local/texlive/2016/texmf-dist/fonts/type1/public/amsfonts/cm/cmr10.pfb></usr/local/texlive/2016/texmf-dist/fonts/type1/public/amsfonts/cm/cmsy10.pfb></usr/local/texlive/2016/texmf-dist/fonts/type1/public/cm-super/sftt1200.pfb></usr/local/texlive/2016/texmf-dist/fonts/type1/urw/palatino/uplb8a.pfb></usr/local/texlive/2016/texmf-dist/fonts/type1/urw/palatino/uplr8a.pfb></usr/local/texlive/2016/texmf-dist/fonts/type1/urw/palatino/uplri8a.pfb>
Output written on "/Users/alexander/Documents/TUM/7. Semester/KAP/KAP-Arx-R-Terminal/Bericht/.texpadtmp/AusarbeitungR.pdf" (35 pages, 1177787 bytes).
PDF statistics:
 755 PDF objects out of 1000 (max. 8388607)
 654 compressed objects within 7 object streams
 229 named destinations out of 1000 (max. 500000)
 30661 words of extra memory for PDF output out of 35830 (max. 10000000)

