#
# A fatal error has been detected by the Java Runtime Environment:
#
#  SIGSEGV (0xb) at pc=0x0000000117224ce9, pid=10040, tid=11267
#
# JRE version: Java(TM) SE Runtime Environment (8.0_91-b14) (build 1.8.0_91-b14)
# Java VM: Java HotSpot(TM) 64-Bit Server VM (25.91-b14 mixed mode bsd-amd64 compressed oops)
# Problematic frame:
# C  [libswt-cocoa-4234.jnilib+0x25ce9]  callback+0x297
#
# Failed to write core dump. Core dumps have been disabled. To enable core dumping, try "ulimit -c unlimited" before starting Java again
#
# If you would like to submit a bug report, please visit:
#   http://bugreport.java.com/bugreport/crash.jsp
#

---------------  T H R E A D  ---------------

Current thread (0x00007facc3021800):  VMThread [stack: 0x0000700000526000,0x0000700000626000] [id=11267]

siginfo: si_signo: 11 (SIGSEGV), si_code: 1 (SEGV_MAPERR), si_addr: 0x0000000000000078

Registers:
RAX=0x0000000000000000, RBX=0x00007facc51b5ae0, RCX=0x0000700000625764, RDX=0x0000000000000001
RSP=0x0000700000625790, RBP=0x00007000006258c0, RSI=0x0000000000000000, RDI=0x0000000000000000
R8 =0x0000000000000007, R9 =0x00007facc2d23ef0, R10=0x00007facc42baea0, R11=0x00007facc2d4e770
R12=0x00007fffa1be8e40, R13=0x00007fffa1be8e40, R14=0x0000000000000000, R15=0x0000000000000000
RIP=0x0000000117224ce9, EFLAGS=0x0000000000010202, ERR=0x0000000000000004
  TRAPNO=0x000000000000000e

Top of Stack: (sp=0x0000700000625790)
0x0000700000625790:   0000000117224adb 00007fff7fc65320
0x00007000006257a0:   00007fff7fc65318 000000007dccf860
0x00007000006257b0:   00007fff9a78f4b9 00007fff7e3c22b0
0x00007000006257c0:   00007fff99ee3693 00007facc30219f8
0x00007000006257d0:   00007facc2f106b8 00007facc2d08708
0x00007000006257e0:   0000000200010000 0000000000000000
0x00007000006257f0:   0000700000625850 00007fff00000000
0x0000700000625800:   00007facc50fc080 00007fff7dccf860
0x0000700000625810:   0000000000000080 00007facc2d43a10
0x0000700000625820:   00007fff9a790ea5 0000000000000000
0x0000700000625830:   0000000000000007 00007facc2d23ef0
0x0000700000625840:   0000000000000000 00000000000000e0
0x0000700000625850:   0000700000625920 00007fffa1be8f11
0x0000700000625860:   00007facc2d23ef0 0000000000000007
0x0000700000625870:   0000000000000000 0000000000000000
0x0000700000625880:   00007fff9a78f4b9 00007facc51b5ae0
0x0000700000625890:   00007facc51b71a0 00007fff7ced5340
0x00007000006258a0:   0000000000000000 0000000000000000
0x00007000006258b0:   0000000000000000 0000000000000000
0x00007000006258c0:   00007000006258e0 000000011720325e
0x00007000006258d0:   00007fff9a790ea5 00007facc2d43a10
0x00007000006258e0:   0000700000625920 00007fff99ee3709
0x00007000006258f0:   00007fff96ec42e4 00007fff7dc4ac70
0x0000700000625900:   0000700000625990 00000000000000f8
0x0000700000625910:   0000000000000000 00000000000000e0
0x0000700000625920:   0000700000625960 00007fff9a056fb0
0x0000700000625930:   0000000000000000 00007facc51b5ae0
0x0000700000625940:   00000000000000f8 00007fffa1be8e40
0x0000700000625950:   0000000000000000 00007fff7fd23400
0x0000700000625960:   00007000006259e0 00007fff9a056d7f
0x0000700000625970:   0000000000000000 0000000000000000
0x0000700000625980:   00007fff7dcd6350 00007facc5358740 

Instructions: (pc=0x0000000117224ce9)
0x0000000117224cc9:   ff ff 01 00 00 00 48 8b 85 08 ff ff ff 48 85 c0
0x0000000117224cd9:   0f 84 9f 03 00 00 48 8b 85 08 ff ff ff 48 8b 00
0x0000000117224ce9:   48 8b 40 78 48 8b bd 08 ff ff ff ff d0 48 89 85
0x0000000117224cf9:   30 ff ff ff 48 83 bd 30 ff ff ff 00 74 26 48 8b 

Register to memory mapping:

RAX=0x0000000000000000 is an unknown value
RBX=0x00007facc51b5ae0 is an unknown value
RCX=0x0000700000625764 is an unknown value
RDX=0x0000000000000001 is an unknown value
RSP=0x0000700000625790 is an unknown value
RBP=0x00007000006258c0 is an unknown value
RSI=0x0000000000000000 is an unknown value
RDI=0x0000000000000000 is an unknown value
R8 =0x0000000000000007 is an unknown value
R9 =0x00007facc2d23ef0 is an unknown value
R10=0x00007facc42baea0 is an unknown value
R11=0x00007facc2d4e770 is an unknown value
R12=0x00007fffa1be8e40: objc_msgSend+0 in /usr/lib/libobjc.A.dylib at 0x00007fffa1be1000
R13=0x00007fffa1be8e40: objc_msgSend+0 in /usr/lib/libobjc.A.dylib at 0x00007fffa1be1000
R14=0x0000000000000000 is an unknown value
R15=0x0000000000000000 is an unknown value


Stack: [0x0000700000526000,0x0000700000626000],  sp=0x0000700000625790,  free space=1021k
Native frames: (J=compiled Java code, j=interpreted, Vv=VM code, C=native code)
C  [libswt-cocoa-4234.jnilib+0x25ce9]  callback+0x297
C  [libswt-cocoa-4234.jnilib+0x425e]  fn0_2+0x27
C  [AppKit+0x18b709]  -[NSWindow orderWindow:relativeTo:]+0x76
C  [AppKit+0x2fefb0]  __18-[NSWindow _close]_block_invoke+0x1eb
C  [AppKit+0x2fed7f]  -[NSWindow _close]+0x176
C  [FinderKit+0xa5b7b]  -[FI_TFloatingInputWindowController dealloc]+0x3b
C  [libobjc.A.dylib+0x10224]  objc_object::sidetable_release(bool)+0xf2
C  [AppKit+0x599e8]  -[NSWindowController release]+0x9a
C  [FinderKit+0xa641a]  TRef<FI_TFloatingInputWindowController*, OBJCRetainReleasePolicy<FI_TFloatingInputWindowController*> >::~TRef()+0xc
C  [libsystem_c.dylib+0x5f0ff]  __cxa_finalize_ranges+0x159
C  [libsystem_c.dylib+0x5f403]  exit+0x37
V  [libjvm.dylib+0x2ea94a]  vm_exit(int)+0x0
V  [libjvm.dylib+0x5b0a7d]  VM_Operation::evaluate()+0x4f
V  [libjvm.dylib+0x5af0e7]  VMThread::evaluate_operation(VM_Operation*)+0xdf
V  [libjvm.dylib+0x5af534]  VMThread::loop()+0x328
V  [libjvm.dylib+0x5aee53]  VMThread::run()+0x79
V  [libjvm.dylib+0x484f82]  java_start(Thread*)+0xf6
C  [libsystem_pthread.dylib+0x39b1]  _pthread_body+0x83
C  [libsystem_pthread.dylib+0x392e]  _pthread_body+0x0
C  [libsystem_pthread.dylib+0x1385]  thread_start+0xd

VM_Operation (0x000070000092e658): Exit, mode: safepoint, requested by thread 0x00007facc4914800


---------------  P R O C E S S  ---------------

Java Threads: ( => current thread )
  0x00007facc4914800 JavaThread "SIGTERM handler" daemon [_thread_blocked, id=13599, stack(0x000070000082f000,0x000070000092f000)]
  0x00007facc33bc800 JavaThread "process reaper" daemon [_thread_in_native, id=69175, stack(0x00007000011d6000,0x00007000011fe000)]
  0x00007facc3808000 JavaThread "Service Thread" daemon [_thread_blocked, id=17923, stack(0x0000700000d41000,0x0000700000e41000)]
  0x00007facc4809800 JavaThread "C1 CompilerThread2" daemon [_thread_blocked, id=17411, stack(0x0000700000c3e000,0x0000700000d3e000)]
  0x00007facc4056800 JavaThread "C2 CompilerThread1" daemon [_thread_blocked, id=16899, stack(0x0000700000b3b000,0x0000700000c3b000)]
  0x00007facc405b800 JavaThread "C2 CompilerThread0" daemon [_thread_blocked, id=16387, stack(0x0000700000a38000,0x0000700000b38000)]
  0x00007facc301a800 JavaThread "Signal Dispatcher" daemon [_thread_blocked, id=12815, stack(0x0000700000935000,0x0000700000a35000)]
  0x00007facc3024800 JavaThread "Finalizer" daemon [_thread_blocked, id=12291, stack(0x000070000072c000,0x000070000082c000)]
  0x00007facc4037800 JavaThread "Reference Handler" daemon [_thread_blocked, id=11779, stack(0x0000700000629000,0x0000700000729000)]
  0x00007facc300b000 JavaThread "main" [_thread_blocked, id=2571, stack(0x00007fff5eaa8000,0x00007fff5f2a8000)]

Other Threads:
=>0x00007facc3021800 VMThread [stack: 0x0000700000526000,0x0000700000626000] [id=11267]

VM state:at safepoint (shutting down)

VM Mutex/Monitor currently owned by a thread:  ([mutex/lock_event])
[0x00007facc2d02a30] Threads_lock - owner thread: 0x00007facc3021800

Heap:
 PSYoungGen      total 18944K, used 11519K [0x00000007aab00000, 0x00000007ac000000, 0x00000007c0000000)
  eden space 16384K, 70% used [0x00000007aab00000,0x00000007ab63ff88,0x00000007abb00000)
  from space 2560K, 0% used [0x00000007abd80000,0x00000007abd80000,0x00000007ac000000)
  to   space 2560K, 0% used [0x00000007abb00000,0x00000007abb00000,0x00000007abd80000)
 ParOldGen       total 44032K, used 0K [0x0000000780000000, 0x0000000782b00000, 0x00000007aab00000)
  object space 44032K, 0% used [0x0000000780000000,0x0000000780000000,0x0000000782b00000)
 Metaspace       used 6187K, capacity 6649K, committed 6784K, reserved 1056768K
  class space    used 740K, capacity 828K, committed 896K, reserved 1048576K

Card table byte_map: [0x00000001117c0000,0x00000001119c1000] byte_map_base: 0x000000010dbc0000

Marking Bits: (ParMarkBitMap*) 0x00000001014baeb0
 Begin Bits: [0x0000000111b17000, 0x0000000112b17000)
 End Bits:   [0x0000000112b17000, 0x0000000113b17000)

Polling page: 0x0000000101bb0000

CodeCache: size=245760Kb used=2168Kb max_used=2172Kb free=243591Kb
 bounds [0x0000000102400000, 0x0000000102670000, 0x0000000111400000]
 total_blobs=843 nmethods=456 adapters=301
 compilation: enabled

Compilation events (10 events):
Event: 6.341 Thread 0x00007facc4809800  451       3       jdk.internal.org.objectweb.asm.ClassWriter::newClass (9 bytes)
Event: 6.342 Thread 0x00007facc4809800 nmethod 451 0x000000010261b910 code [0x000000010261ba80, 0x000000010261bc28]
Event: 6.342 Thread 0x00007facc4809800  453       3       java.lang.invoke.MemberName::initResolved (53 bytes)
Event: 6.342 Thread 0x00007facc405b800  454       4       java.util.concurrent.ConcurrentHashMap::tabAt (21 bytes)
Event: 6.343 Thread 0x00007facc4809800 nmethod 453 0x000000010261be90 code [0x000000010261c000, 0x000000010261c1d0]
Event: 6.343 Thread 0x00007facc4809800  455       3       java.lang.invoke.MethodType::parameterCount (6 bytes)
Event: 6.343 Thread 0x00007facc4809800 nmethod 455 0x000000010261c250 code [0x000000010261c3c0, 0x000000010261c530]
Event: 6.343 Thread 0x00007facc4809800  456       3       sun.invoke.util.BytecodeDescriptor::unparseSig (75 bytes)
Event: 6.343 Thread 0x00007facc405b800 nmethod 454 0x000000010261f210 code [0x000000010261f340, 0x000000010261f398]
Event: 6.344 Thread 0x00007facc4809800 nmethod 456 0x000000010261d490 code [0x000000010261d700, 0x000000010261e8a8]

GC Heap History (0 events):
No events

Deoptimization events (2 events):
Event: 6.256 Thread 0x00007facc300b000 Uncommon trap: reason=unstable_if action=reinterpret pc=0x0000000102581350 method=java.lang.String.indexOf([CII[CIII)I @ 134
Event: 6.267 Thread 0x00007facc300b000 Uncommon trap: reason=unstable_if action=reinterpret pc=0x00000001025518c0 method=java.lang.String.indexOf(II)I @ 49

Internal exceptions (10 events):
Event: 0.109 Thread 0x00007facc300b000 Exception <a 'java/security/PrivilegedActionException'> (0x00000007aac024d8) thrown at [/Users/java_re/workspace/8-2-build-macosx-x86_64/jdk8u91/6644/hotspot/src/share/vm/prims/jvm.cpp, line 1386]
Event: 0.109 Thread 0x00007facc300b000 Exception <a 'java/security/PrivilegedActionException'> (0x00000007aac026e8) thrown at [/Users/java_re/workspace/8-2-build-macosx-x86_64/jdk8u91/6644/hotspot/src/share/vm/prims/jvm.cpp, line 1386]
Event: 0.112 Thread 0x00007facc300b000 Exception <a 'java/util/zip/ZipException'> (0x00000007aac03468) thrown at [/Users/java_re/workspace/8-2-build-macosx-x86_64/jdk8u91/6644/hotspot/src/share/vm/prims/jni.cpp, line 709]
Event: 0.112 Thread 0x00007facc300b000 Exception <a 'java/security/PrivilegedActionException'> (0x00000007aac03670) thrown at [/Users/java_re/workspace/8-2-build-macosx-x86_64/jdk8u91/6644/hotspot/src/share/vm/prims/jvm.cpp, line 1386]
Event: 0.112 Thread 0x00007facc300b000 Exception <a 'java/security/PrivilegedActionException'> (0x00000007aac03880) thrown at [/Users/java_re/workspace/8-2-build-macosx-x86_64/jdk8u91/6644/hotspot/src/share/vm/prims/jvm.cpp, line 1386]
Event: 0.115 Thread 0x00007facc300b000 Exception <a 'java/util/zip/ZipException'> (0x00000007aac150b8) thrown at [/Users/java_re/workspace/8-2-build-macosx-x86_64/jdk8u91/6644/hotspot/src/share/vm/prims/jni.cpp, line 709]
Event: 0.115 Thread 0x00007facc300b000 Exception <a 'java/security/PrivilegedActionException'> (0x00000007aac152c0) thrown at [/Users/java_re/workspace/8-2-build-macosx-x86_64/jdk8u91/6644/hotspot/src/share/vm/prims/jvm.cpp, line 1386]
Event: 0.115 Thread 0x00007facc300b000 Exception <a 'java/security/PrivilegedActionException'> (0x00000007aac154d0) thrown at [/Users/java_re/workspace/8-2-build-macosx-x86_64/jdk8u91/6644/hotspot/src/share/vm/prims/jvm.cpp, line 1386]
Event: 6.310 Thread 0x00007facc300b000 Exception <a 'java/lang/NoSuchFieldError': method resolution failed> (0x00000007ab3feb40) thrown at [/Users/java_re/workspace/8-2-build-macosx-x86_64/jdk8u91/6644/hotspot/src/share/vm/prims/methodHandles.cpp, line 1146]
Event: 6.313 Thread 0x00007facc300b000 Exception <a 'java/lang/NoSuchFieldError': method resolution failed> (0x00000007ab40c2b0) thrown at [/Users/java_re/workspace/8-2-build-macosx-x86_64/jdk8u91/6644/hotspot/src/share/vm/prims/methodHandles.cpp, line 1146]

Events (10 events):
Event: 88.803 Thread 0x00007facc4914800 Thread added: 0x00007facc4914800
Event: 88.803 loading class java/util/IdentityHashMap$KeySet
Event: 88.803 loading class java/util/IdentityHashMap$KeySet done
Event: 88.803 loading class java/util/IdentityHashMap$KeyIterator
Event: 88.803 loading class java/util/IdentityHashMap$IdentityHashMapIterator
Event: 88.803 loading class java/util/IdentityHashMap$IdentityHashMapIterator done
Event: 88.803 loading class java/util/IdentityHashMap$KeyIterator done
Event: 88.804 Thread 0x00007facc428e000 Thread added: 0x00007facc428e000
Event: 88.804 Thread 0x00007facc428e000 Thread exited: 0x00007facc428e000
Event: 88.804 Executing VM operation: Exit


Dynamic libraries:
0x000000000b80d000 	/System/Library/Frameworks/Cocoa.framework/Versions/A/Cocoa
0x000000000b80d000 	/System/Library/Frameworks/Security.framework/Versions/A/Security
0x000000000b80d000 	/System/Library/Frameworks/ApplicationServices.framework/Versions/A/ApplicationServices
0x000000000b80d000 	/usr/lib/libz.1.dylib
0x000000000b80d000 	/usr/lib/libSystem.B.dylib
0x000000000b80d000 	/usr/lib/libobjc.A.dylib
0x000000000b80d000 	/System/Library/Frameworks/CoreFoundation.framework/Versions/A/CoreFoundation
0x000000000b80d000 	/System/Library/Frameworks/Foundation.framework/Versions/C/Foundation
0x000000000b80d000 	/System/Library/Frameworks/AppKit.framework/Versions/C/AppKit
0x000000000b80d000 	/System/Library/Frameworks/CoreData.framework/Versions/A/CoreData
0x000000000b80d000 	/System/Library/PrivateFrameworks/RemoteViewServices.framework/Versions/A/RemoteViewServices
0x000000000b80d000 	/System/Library/PrivateFrameworks/UIFoundation.framework/Versions/A/UIFoundation
0x000000000b80d000 	/usr/lib/libScreenReader.dylib
0x000000000b80d000 	/System/Library/Frameworks/Accelerate.framework/Versions/A/Accelerate
0x000000000b80d000 	/System/Library/Frameworks/IOSurface.framework/Versions/A/IOSurface
0x000000000b80d000 	/System/Library/Frameworks/AudioToolbox.framework/Versions/A/AudioToolbox
0x000000000b80d000 	/System/Library/Frameworks/AudioUnit.framework/Versions/A/AudioUnit
0x000000000b80d000 	/System/Library/PrivateFrameworks/DataDetectorsCore.framework/Versions/A/DataDetectorsCore
0x000000000b80d000 	/System/Library/PrivateFrameworks/DesktopServicesPriv.framework/Versions/A/DesktopServicesPriv
0x000000000b80d000 	/System/Library/Frameworks/Carbon.framework/Versions/A/Frameworks/HIToolbox.framework/Versions/A/HIToolbox
0x000000000b80d000 	/System/Library/Frameworks/QuartzCore.framework/Versions/A/QuartzCore
0x000000000b80d000 	/System/Library/Frameworks/Carbon.framework/Versions/A/Frameworks/SpeechRecognition.framework/Versions/A/SpeechRecognition
0x000000000b80d000 	/usr/lib/libauto.dylib
0x000000000b80d000 	/usr/lib/libicucore.A.dylib
0x000000000b80d000 	/usr/lib/libxml2.2.dylib
0x000000000b80d000 	/System/Library/PrivateFrameworks/CoreUI.framework/Versions/A/CoreUI
0x000000000b80d000 	/System/Library/Frameworks/CoreAudio.framework/Versions/A/CoreAudio
0x000000000b80d000 	/System/Library/Frameworks/DiskArbitration.framework/Versions/A/DiskArbitration
0x000000000b80d000 	/usr/lib/liblangid.dylib
0x000000000b80d000 	/System/Library/PrivateFrameworks/MultitouchSupport.framework/Versions/A/MultitouchSupport
0x000000000b80d000 	/System/Library/Frameworks/IOKit.framework/Versions/A/IOKit
0x000000000b80d000 	/usr/lib/libDiagnosticMessagesClient.dylib
0x000000000b80d000 	/System/Library/Frameworks/CoreServices.framework/Versions/A/CoreServices
0x000000000b80d000 	/System/Library/PrivateFrameworks/PerformanceAnalysis.framework/Versions/A/PerformanceAnalysis
0x000000000b80d000 	/System/Library/PrivateFrameworks/GenerationalStorage.framework/Versions/A/GenerationalStorage
0x000000000b80d000 	/System/Library/Frameworks/OpenGL.framework/Versions/A/OpenGL
0x000000000b80d000 	/System/Library/PrivateFrameworks/Sharing.framework/Versions/A/Sharing
0x000000000b80d000 	/System/Library/Frameworks/CoreGraphics.framework/Versions/A/CoreGraphics
0x000000000b80d000 	/System/Library/Frameworks/CoreImage.framework/Versions/A/CoreImage
0x000000000b80d000 	/System/Library/Frameworks/CoreText.framework/Versions/A/CoreText
0x000000000b80d000 	/System/Library/Frameworks/ImageIO.framework/Versions/A/ImageIO
0x000000000b80d000 	/System/Library/PrivateFrameworks/Backup.framework/Versions/A/Backup
0x000000000b80d000 	/usr/lib/libextension.dylib
0x000000000b80d000 	/usr/lib/libarchive.2.dylib
0x000000000b80d000 	/System/Library/Frameworks/CFNetwork.framework/Versions/A/CFNetwork
0x000000000b80d000 	/System/Library/Frameworks/SystemConfiguration.framework/Versions/A/SystemConfiguration
0x000000000b80d000 	/usr/lib/libCRFSuite.dylib
0x000000000b80d000 	/usr/lib/libc++.1.dylib
0x000000000b80d000 	/usr/lib/libc++abi.dylib
0x000000000b80d000 	/usr/lib/system/libcache.dylib
0x000000000b80d000 	/usr/lib/system/libcommonCrypto.dylib
0x000000000b80d000 	/usr/lib/system/libcompiler_rt.dylib
0x000000000b80d000 	/usr/lib/system/libcopyfile.dylib
0x000000000b80d000 	/usr/lib/system/libcorecrypto.dylib
0x000000000b80d000 	/usr/lib/system/libdispatch.dylib
0x000000000b80d000 	/usr/lib/system/libdyld.dylib
0x000000000b80d000 	/usr/lib/system/libkeymgr.dylib
0x000000000b80d000 	/usr/lib/system/liblaunch.dylib
0x000000000b80d000 	/usr/lib/system/libmacho.dylib
0x000000000b80d000 	/usr/lib/system/libquarantine.dylib
0x000000000b80d000 	/usr/lib/system/libremovefile.dylib
0x000000000b80d000 	/usr/lib/system/libsystem_asl.dylib
0x000000000b80d000 	/usr/lib/system/libsystem_blocks.dylib
0x000000000b80d000 	/usr/lib/system/libsystem_c.dylib
0x000000000b80d000 	/usr/lib/system/libsystem_configuration.dylib
0x000000000b80d000 	/usr/lib/system/libsystem_coreservices.dylib
0x000000000b80d000 	/usr/lib/system/libsystem_coretls.dylib
0x000000000b80d000 	/usr/lib/system/libsystem_dnssd.dylib
0x000000000b80d000 	/usr/lib/system/libsystem_info.dylib
0x000000000b80d000 	/usr/lib/system/libsystem_kernel.dylib
0x000000000b80d000 	/usr/lib/system/libsystem_m.dylib
0x000000000b80d000 	/usr/lib/system/libsystem_malloc.dylib
0x000000000b80d000 	/usr/lib/system/libsystem_network.dylib
0x000000000b80d000 	/usr/lib/system/libsystem_networkextension.dylib
0x000000000b80d000 	/usr/lib/system/libsystem_notify.dylib
0x000000000b80d000 	/usr/lib/system/libsystem_platform.dylib
0x000000000b80d000 	/usr/lib/system/libsystem_pthread.dylib
0x000000000b80d000 	/usr/lib/system/libsystem_sandbox.dylib
0x000000000b80d000 	/usr/lib/system/libsystem_secinit.dylib
0x000000000b80d000 	/usr/lib/system/libsystem_trace.dylib
0x000000000b80d000 	/usr/lib/system/libunc.dylib
0x000000000b80d000 	/usr/lib/system/libunwind.dylib
0x000000000b80d000 	/usr/lib/system/libxpc.dylib
0x000000000b80d000 	/usr/lib/libenergytrace.dylib
0x000000000b80d000 	/usr/lib/libbsm.0.dylib
0x000000000b80d000 	/usr/lib/system/libkxld.dylib
0x000000000b80d000 	/usr/lib/libxar.1.dylib
0x000000000b80d000 	/usr/lib/libsqlite3.dylib
0x000000000b80d000 	/usr/lib/libpam.2.dylib
0x000000000b80d000 	/usr/lib/libOpenScriptingUtil.dylib
0x000000000b80d000 	/usr/lib/libbz2.1.0.dylib
0x000000000b80d000 	/usr/lib/liblzma.5.dylib
0x000000000b80d000 	/System/Library/Frameworks/CoreServices.framework/Versions/A/Frameworks/FSEvents.framework/Versions/A/FSEvents
0x000000000b80d000 	/System/Library/Frameworks/CoreServices.framework/Versions/A/Frameworks/CarbonCore.framework/Versions/A/CarbonCore
0x000000000b80d000 	/System/Library/Frameworks/CoreServices.framework/Versions/A/Frameworks/Metadata.framework/Versions/A/Metadata
0x000000000b80d000 	/System/Library/Frameworks/CoreServices.framework/Versions/A/Frameworks/OSServices.framework/Versions/A/OSServices
0x000000000b80d000 	/System/Library/Frameworks/CoreServices.framework/Versions/A/Frameworks/SearchKit.framework/Versions/A/SearchKit
0x000000000b80d000 	/System/Library/Frameworks/CoreServices.framework/Versions/A/Frameworks/AE.framework/Versions/A/AE
0x000000000b80d000 	/System/Library/Frameworks/CoreServices.framework/Versions/A/Frameworks/LaunchServices.framework/Versions/A/LaunchServices
0x000000000b80d000 	/System/Library/Frameworks/CoreServices.framework/Versions/A/Frameworks/DictionaryServices.framework/Versions/A/DictionaryServices
0x000000000b80d000 	/System/Library/Frameworks/CoreServices.framework/Versions/A/Frameworks/SharedFileList.framework/Versions/A/SharedFileList
0x000000000b80d000 	/System/Library/Frameworks/NetFS.framework/Versions/A/NetFS
0x000000000b80d000 	/System/Library/PrivateFrameworks/NetAuth.framework/Versions/A/NetAuth
0x000000000b80d000 	/System/Library/PrivateFrameworks/login.framework/Versions/A/Frameworks/loginsupport.framework/Versions/A/loginsupport
0x000000000b80d000 	/System/Library/PrivateFrameworks/TCC.framework/Versions/A/TCC
0x000000000b80d000 	/usr/lib/libmecabra.dylib
0x000000000b80d000 	/System/Library/Frameworks/ApplicationServices.framework/Versions/A/Frameworks/ATS.framework/Versions/A/ATS
0x000000000b80d000 	/System/Library/Frameworks/ApplicationServices.framework/Versions/A/Frameworks/ColorSync.framework/Versions/A/ColorSync
0x000000000b80d000 	/System/Library/Frameworks/ApplicationServices.framework/Versions/A/Frameworks/HIServices.framework/Versions/A/HIServices
0x000000000b80d000 	/System/Library/Frameworks/ApplicationServices.framework/Versions/A/Frameworks/LangAnalysis.framework/Versions/A/LangAnalysis
0x000000000b80d000 	/System/Library/Frameworks/ApplicationServices.framework/Versions/A/Frameworks/PrintCore.framework/Versions/A/PrintCore
0x000000000b80d000 	/System/Library/Frameworks/ApplicationServices.framework/Versions/A/Frameworks/QD.framework/Versions/A/QD
0x000000000b80d000 	/System/Library/Frameworks/ApplicationServices.framework/Versions/A/Frameworks/SpeechSynthesis.framework/Versions/A/SpeechSynthesis
0x000000000b80d000 	/System/Library/Frameworks/Metal.framework/Versions/A/Metal
0x000000000b80d000 	/System/Library/Frameworks/Accelerate.framework/Versions/A/Frameworks/vImage.framework/Versions/A/vImage
0x000000000b80d000 	/System/Library/Frameworks/Accelerate.framework/Versions/A/Frameworks/vecLib.framework/Versions/A/vecLib
0x000000000b80d000 	/System/Library/Frameworks/Accelerate.framework/Versions/A/Frameworks/vecLib.framework/Versions/A/libvDSP.dylib
0x000000000b80d000 	/System/Library/Frameworks/Accelerate.framework/Versions/A/Frameworks/vecLib.framework/Versions/A/libvMisc.dylib
0x000000000b80d000 	/System/Library/Frameworks/Accelerate.framework/Versions/A/Frameworks/vecLib.framework/Versions/A/libLAPACK.dylib
0x000000000b80d000 	/System/Library/Frameworks/Accelerate.framework/Versions/A/Frameworks/vecLib.framework/Versions/A/libBLAS.dylib
0x000000000b80d000 	/System/Library/Frameworks/Accelerate.framework/Versions/A/Frameworks/vecLib.framework/Versions/A/libLinearAlgebra.dylib
0x000000000b80d000 	/System/Library/Frameworks/Accelerate.framework/Versions/A/Frameworks/vecLib.framework/Versions/A/libSparseBLAS.dylib
0x000000000b80d000 	/System/Library/PrivateFrameworks/GPUCompiler.framework/libmetal_timestamp.dylib
0x000000000b80d000 	/System/Library/Frameworks/OpenGL.framework/Versions/A/Libraries/libCoreFSCache.dylib
0x000000000b80d000 	/System/Library/PrivateFrameworks/IOAccelerator.framework/Versions/A/IOAccelerator
0x000000000b80d000 	/System/Library/Frameworks/ApplicationServices.framework/Versions/A/Frameworks/ATS.framework/Versions/A/Resources/libFontParser.dylib
0x000000000b80d000 	/System/Library/Frameworks/ApplicationServices.framework/Versions/A/Frameworks/ATS.framework/Versions/A/Resources/libFontRegistry.dylib
0x000000000b80d000 	/System/Library/PrivateFrameworks/AppleVPA.framework/Versions/A/AppleVPA
0x000000000b80d000 	/System/Library/PrivateFrameworks/AppleJPEG.framework/Versions/A/AppleJPEG
0x000000000b80d000 	/System/Library/Frameworks/ImageIO.framework/Versions/A/Resources/libJPEG.dylib
0x000000000b80d000 	/System/Library/Frameworks/ImageIO.framework/Versions/A/Resources/libTIFF.dylib
0x000000000b80d000 	/System/Library/Frameworks/ImageIO.framework/Versions/A/Resources/libPng.dylib
0x000000000b80d000 	/System/Library/Frameworks/ImageIO.framework/Versions/A/Resources/libGIF.dylib
0x000000000b80d000 	/System/Library/Frameworks/ImageIO.framework/Versions/A/Resources/libJP2.dylib
0x000000000b80d000 	/System/Library/Frameworks/ImageIO.framework/Versions/A/Resources/libRadiance.dylib
0x000000000b80d000 	/System/Library/Frameworks/CoreVideo.framework/Versions/A/CoreVideo
0x000000000b80d000 	/System/Library/Frameworks/OpenGL.framework/Versions/A/Libraries/libGLU.dylib
0x000000000b80d000 	/System/Library/Frameworks/OpenGL.framework/Versions/A/Libraries/libGFXShared.dylib
0x000000000b80d000 	/System/Library/Frameworks/OpenGL.framework/Versions/A/Libraries/libGL.dylib
0x000000000b80d000 	/System/Library/Frameworks/OpenGL.framework/Versions/A/Libraries/libGLImage.dylib
0x000000000b80d000 	/System/Library/Frameworks/OpenGL.framework/Versions/A/Libraries/libCVMSPluginSupport.dylib
0x000000000b80d000 	/System/Library/Frameworks/OpenGL.framework/Versions/A/Libraries/libCoreVMClient.dylib
0x000000000b80d000 	/usr/lib/libcups.2.dylib
0x000000000b80d000 	/System/Library/Frameworks/Kerberos.framework/Versions/A/Kerberos
0x000000000b80d000 	/System/Library/Frameworks/GSS.framework/Versions/A/GSS
0x000000000b80d000 	/usr/lib/libresolv.9.dylib
0x000000000b80d000 	/usr/lib/libiconv.2.dylib
0x000000000b80d000 	/System/Library/PrivateFrameworks/Heimdal.framework/Versions/A/Heimdal
0x000000000b80d000 	/usr/lib/libheimdal-asn1.dylib
0x000000000b80d000 	/System/Library/Frameworks/OpenDirectory.framework/Versions/A/OpenDirectory
0x000000000b80d000 	/System/Library/PrivateFrameworks/CommonAuth.framework/Versions/A/CommonAuth
0x000000000b80d000 	/System/Library/Frameworks/OpenDirectory.framework/Versions/A/Frameworks/CFOpenDirectory.framework/Versions/A/CFOpenDirectory
0x000000000b80d000 	/System/Library/Frameworks/SecurityFoundation.framework/Versions/A/SecurityFoundation
0x000000000b80d000 	/System/Library/PrivateFrameworks/LanguageModeling.framework/Versions/A/LanguageModeling
0x000000000b80d000 	/usr/lib/libmarisa.dylib
0x000000000b80d000 	/usr/lib/libChineseTokenizer.dylib
0x000000000b80d000 	/usr/lib/libcmph.dylib
0x000000000b80d000 	/usr/lib/libcompression.dylib
0x000000000b80d000 	/System/Library/Frameworks/ServiceManagement.framework/Versions/A/ServiceManagement
0x000000000b80d000 	/usr/lib/libxslt.1.dylib
0x000000000b80d000 	/System/Library/Frameworks/Carbon.framework/Versions/A/Frameworks/Ink.framework/Versions/A/Ink
0x000000000b80d000 	/usr/lib/libFosl_dynamic.dylib
0x000000000b80d000 	/System/Library/PrivateFrameworks/FaceCore.framework/Versions/A/FaceCore
0x000000000b80d000 	/System/Library/Frameworks/OpenCL.framework/Versions/A/OpenCL
0x000000000b80d000 	/System/Library/PrivateFrameworks/CrashReporterSupport.framework/Versions/A/CrashReporterSupport
0x000000000b80d000 	/System/Library/PrivateFrameworks/IconServices.framework/Versions/A/IconServices
0x000000000b80d000 	/System/Library/PrivateFrameworks/Apple80211.framework/Versions/A/Apple80211
0x000000000b80d000 	/System/Library/Frameworks/CoreWLAN.framework/Versions/A/CoreWLAN
0x000000000b80d000 	/System/Library/Frameworks/IOBluetooth.framework/Versions/A/IOBluetooth
0x000000000b80d000 	/System/Library/PrivateFrameworks/CoreWiFi.framework/Versions/A/CoreWiFi
0x000000000b80d000 	/System/Library/Frameworks/CoreBluetooth.framework/Versions/A/CoreBluetooth
0x000000000b80d000 	/System/Library/PrivateFrameworks/ChunkingLibrary.framework/Versions/A/ChunkingLibrary
0x000000000b80d000 	/System/Library/PrivateFrameworks/DebugSymbols.framework/Versions/A/DebugSymbols
0x000000000b80d000 	/System/Library/PrivateFrameworks/CoreSymbolication.framework/Versions/A/CoreSymbolication
0x000000000b80d000 	/System/Library/PrivateFrameworks/Symbolication.framework/Versions/A/Symbolication
0x000000000b80d000 	/System/Library/PrivateFrameworks/SpeechRecognitionCore.framework/Versions/A/SpeechRecognitionCore
0x0000000100bd4000 	/Library/Java/JavaVirtualMachines/jdk1.8.0_91.jdk/Contents/Home/jre/lib/server/libjvm.dylib
0x000000000b80d000 	/usr/lib/libstdc++.6.dylib
0x0000000101b6d000 	/Library/Java/JavaVirtualMachines/jdk1.8.0_91.jdk/Contents/Home/jre/lib/libverify.dylib
0x0000000101b7b000 	/Library/Java/JavaVirtualMachines/jdk1.8.0_91.jdk/Contents/Home/jre/lib/libjava.dylib
0x0000000101bb9000 	/Library/Java/JavaVirtualMachines/jdk1.8.0_91.jdk/Contents/Home/jre/lib/libzip.dylib
0x00000001157bd000 	/System/Library/Frameworks/JavaVM.framework/Frameworks/JavaRuntimeSupport.framework/JavaRuntimeSupport
0x00000001157d8000 	/System/Library/Frameworks/JavaVM.framework/Versions/A/Frameworks/JavaNativeFoundation.framework/Versions/A/JavaNativeFoundation
0x00000001157ed000 	/System/Library/Frameworks/JavaVM.framework/Versions/A/JavaVM
0x000000000b80d000 	/System/Library/Frameworks/Carbon.framework/Versions/A/Carbon
0x00000001157fa000 	/System/Library/PrivateFrameworks/JavaLaunching.framework/Versions/A/JavaLaunching
0x000000000b80d000 	/System/Library/Frameworks/Carbon.framework/Versions/A/Frameworks/CommonPanels.framework/Versions/A/CommonPanels
0x000000000b80d000 	/System/Library/Frameworks/Carbon.framework/Versions/A/Frameworks/Help.framework/Versions/A/Help
0x000000000b80d000 	/System/Library/Frameworks/Carbon.framework/Versions/A/Frameworks/ImageCapture.framework/Versions/A/ImageCapture
0x000000000b80d000 	/System/Library/Frameworks/Carbon.framework/Versions/A/Frameworks/OpenScripting.framework/Versions/A/OpenScripting
0x000000000b80d000 	/System/Library/Frameworks/Carbon.framework/Versions/A/Frameworks/Print.framework/Versions/A/Print
0x000000000b80d000 	/System/Library/Frameworks/Carbon.framework/Versions/A/Frameworks/SecurityHI.framework/Versions/A/SecurityHI
0x00000001171ff000 	/Users/ngan/.swt/lib/macosx/x86_64/libswt-cocoa-4234.jnilib
0x000000000b80d000 	/System/Library/Frameworks/WebKit.framework/Versions/A/WebKit
0x000000000b80d000 	/System/Library/Frameworks/JavaScriptCore.framework/Versions/A/JavaScriptCore
0x000000000b80d000 	/System/Library/Frameworks/SecurityInterface.framework/Versions/A/SecurityInterface
0x000000000b80d000 	/System/Library/Frameworks/WebKit.framework/Versions/A/Frameworks/WebKitLegacy.framework/Versions/A/WebKitLegacy
0x000000000b80d000 	/System/Library/Frameworks/WebKit.framework/Versions/A/Frameworks/WebCore.framework/Versions/A/WebCore
0x00000001172ca000 	/Users/ngan/.swt/lib/macosx/x86_64/libswt-pi-cocoa-4234.jnilib
0x000000000b80d000 	/System/Library/PrivateFrameworks/CoreServicesInternal.framework/Versions/A/CoreServicesInternal
0x000000000b80d000 	/System/Library/Frameworks/CoreGraphics.framework/Versions/A/Resources/libCGXType.A.dylib
0x000000000b80d000 	/System/Library/Frameworks/Accelerate.framework/Versions/A/Frameworks/vImage.framework/Versions/A/Libraries/libCGInterfaces.dylib
0x000000000b80d000 	/System/Library/Frameworks/CoreGraphics.framework/Versions/A/Resources/libRIP.A.dylib
0x000000000b80d000 	/System/Library/Frameworks/OpenCL.framework/Versions/A/Libraries/libcldcpuengine.dylib
0x000000000b80d000 	/System/Library/PrivateFrameworks/DiskImages.framework/Versions/A/DiskImages
0x000000000b80d000 	/System/Library/Frameworks/DiscRecording.framework/Versions/A/DiscRecording
0x000000000b80d000 	/usr/lib/libcsfde.dylib
0x000000000b80d000 	/usr/lib/libcurl.4.dylib
0x000000000b80d000 	/System/Library/PrivateFrameworks/MediaKit.framework/Versions/A/MediaKit
0x000000000b80d000 	/System/Library/PrivateFrameworks/ProtectedCloudStorage.framework/Versions/A/ProtectedCloudStorage
0x000000000b80d000 	/usr/lib/libCoreStorage.dylib
0x000000000b80d000 	/System/Library/PrivateFrameworks/EFILogin.framework/Versions/A/EFILogin
0x000000000b80d000 	/usr/lib/libutil.dylib
0x000000000b80d000 	/System/Library/PrivateFrameworks/FindMyDevice.framework/Versions/A/FindMyDevice
0x000000000b80d000 	/System/Library/Frameworks/LDAP.framework/Versions/A/LDAP
0x000000000b80d000 	/usr/lib/libsasl2.2.dylib
0x000000000b80d000 	/System/Library/PrivateFrameworks/CoreDaemon.framework/Versions/B/CoreDaemon
0x000000000b80d000 	/usr/lib/libcrypto.0.9.8.dylib
0x000000000b80d000 	/System/Library/PrivateFrameworks/AppleSRP.framework/Versions/A/AppleSRP
0x000000000b80d000 	/System/Library/PrivateFrameworks/TrustEvaluationAgent.framework/Versions/A/TrustEvaluationAgent
0x0000000118db9000 	cl_kernels
0x000000000b80d000 	/System/Library/Frameworks/OpenCL.framework/Versions/A/Libraries/ImageFormats/unorm8_bgra.dylib
0x000000000b80d000 	/System/Library/Frameworks/OpenCL.framework/Versions/A/Libraries/ImageFormats/unorm8_rgba.dylib
0x000000000b80d000 	/System/Library/PrivateFrameworks/FamilyControls.framework/Versions/A/FamilyControls
0x000000000b80d000 	/System/Library/PrivateFrameworks/CommerceKit.framework/Versions/A/Frameworks/CommerceCore.framework/Versions/A/CommerceCore
0x000000000b80d000 	/System/Library/PrivateFrameworks/SystemAdministration.framework/Versions/A/SystemAdministration
0x000000000b80d000 	/System/Library/PrivateFrameworks/AppContainer.framework/Versions/A/AppContainer
0x000000000b80d000 	/System/Library/PrivateFrameworks/SecCodeWrapper.framework/Versions/A/SecCodeWrapper
0x000000000b80d000 	/System/Library/Frameworks/DirectoryService.framework/Versions/A/DirectoryService
0x000000000b80d000 	/System/Library/PrivateFrameworks/LoginUIKit.framework/Versions/A/Frameworks/LoginUICore.framework/Versions/A/LoginUICore
0x000000000b80d000 	/usr/lib/libodfde.dylib
0x000000000b80d000 	/System/Library/PrivateFrameworks/FinderKit.framework/Versions/A/FinderKit
0x000000000b80d000 	/System/Library/Frameworks/Quartz.framework/Versions/A/Frameworks/QuickLookUI.framework/Versions/A/QuickLookUI
0x000000000b80d000 	/System/Library/Frameworks/Quartz.framework/Versions/A/Frameworks/ImageKit.framework/Versions/A/ImageKit
0x000000000b80d000 	/System/Library/PrivateFrameworks/Bom.framework/Versions/A/Bom
0x000000000b80d000 	/System/Library/Frameworks/QuickLook.framework/Versions/A/QuickLook
0x000000000b80d000 	/System/Library/PrivateFrameworks/Suggestions.framework/Versions/A/Suggestions
0x000000000b80d000 	/System/Library/PrivateFrameworks/AppleSystemInfo.framework/Versions/A/AppleSystemInfo
0x000000000b80d000 	/System/Library/Frameworks/ImageCaptureCore.framework/Versions/A/ImageCaptureCore
0x000000000b80d000 	/System/Library/PrivateFrameworks/SafariServices.framework/Versions/A/SafariServices
0x000000000b80d000 	/usr/lib/libspindump.dylib
0x000000000b80d000 	/System/Library/Frameworks/QTKit.framework/Versions/A/QTKit
0x000000000b80d000 	/System/Library/Frameworks/AVFoundation.framework/Versions/A/AVFoundation
0x000000000b80d000 	/System/Library/Frameworks/CoreMedia.framework/Versions/A/CoreMedia
0x000000000b80d000 	/System/Library/Frameworks/MediaToolbox.framework/Versions/A/MediaToolbox
0x000000000b80d000 	/System/Library/Frameworks/VideoToolbox.framework/Versions/A/VideoToolbox
0x000000000b80d000 	/System/Library/PrivateFrameworks/CoreMediaAuthoring.framework/Versions/A/CoreMediaAuthoring
0x000000000b80d000 	/System/Library/Frameworks/CoreMediaIO.framework/Versions/A/CoreMediaIO
0x000000000b80d000 	/System/Library/Frameworks/AVFoundation.framework/Versions/A/Resources/libAVFAudio.dylib
0x000000000b80d000 	/System/Library/PrivateFrameworks/CoreAVCHD.framework/Versions/A/CoreAVCHD
0x000000000b80d000 	/System/Library/Frameworks/MediaAccessibility.framework/Versions/A/MediaAccessibility
0x000000000b80d000 	/System/Library/PrivateFrameworks/Mangrove.framework/Versions/A/Mangrove
0x000000000b80d000 	/System/Library/PrivateFrameworks/CoreAUC.framework/Versions/A/CoreAUC
0x000000000b80d000 	/System/Library/PrivateFrameworks/AppleVA.framework/Versions/A/AppleVA
0x000000000b80d000 	/System/Library/PrivateFrameworks/XPCService.framework/Versions/A/XPCService
0x000000000b80d000 	/System/Library/PrivateFrameworks/AppSandbox.framework/Versions/A/AppSandbox
0x000000000b80d000 	/usr/lib/libsandbox.1.dylib
0x000000000b80d000 	/usr/lib/libMatch.1.dylib
0x000000000b80d000 	/System/Library/PrivateFrameworks/DisplayServices.framework/Versions/A/DisplayServices
0x000000000b80d000 	/System/Library/Frameworks/Quartz.framework/Versions/A/Frameworks/PDFKit.framework/Versions/A/PDFKit
0x000000000b80d000 	/System/Library/Frameworks/Quartz.framework/Versions/A/Frameworks/QuartzComposer.framework/Versions/A/QuartzComposer
0x000000000b80d000 	/System/Library/Frameworks/Quartz.framework/Versions/A/Frameworks/QuartzFilters.framework/Versions/A/QuartzFilters
0x000000000b80d000 	/System/Library/PrivateFrameworks/CorePDF.framework/Versions/A/CorePDF
0x000000000b80d000 	/System/Library/PrivateFrameworks/AppleFSCompression.framework/Versions/A/AppleFSCompression
0x000000000b80d000 	/System/Library/Frameworks/AddressBook.framework/Versions/A/AddressBook
0x000000000b80d000 	/System/Library/PrivateFrameworks/ContactsPersistence.framework/Versions/A/ContactsPersistence
0x000000000b80d000 	/System/Library/PrivateFrameworks/ContactsFoundation.framework/Versions/A/ContactsFoundation
0x000000000b80d000 	/System/Library/PrivateFrameworks/vCard.framework/Versions/A/vCard
0x000000000b80d000 	/System/Library/PrivateFrameworks/IntlPreferences.framework/Versions/A/IntlPreferences
0x000000000b80d000 	/System/Library/PrivateFrameworks/ToneLibrary.framework/Versions/A/ToneLibrary
0x000000000b80d000 	/System/Library/PrivateFrameworks/ToneKit.framework/Versions/A/ToneKit
0x000000000b80d000 	/System/Library/PrivateFrameworks/ApplePushService.framework/Versions/A/ApplePushService
0x000000000b80d000 	/System/Library/PrivateFrameworks/PhoneNumbers.framework/Versions/A/PhoneNumbers
0x000000000b80d000 	/System/Library/PrivateFrameworks/ViewBridge.framework/Versions/A/ViewBridge
0x000000000b80d000 	/System/Library/Frameworks/Quartz.framework/Versions/A/Quartz
0x000000000b80d000 	/System/Library/PrivateFrameworks/CloudDocs.framework/Versions/A/CloudDocs
0x000000000b80d000 	/System/Library/PrivateFrameworks/CoreDuet.framework/Versions/A/CoreDuet
0x000000000b80d000 	/System/Library/Frameworks/CloudKit.framework/Versions/A/CloudKit
0x000000000b80d000 	/System/Library/PrivateFrameworks/ProtocolBuffer.framework/Versions/A/ProtocolBuffer
0x000000000b80d000 	/System/Library/PrivateFrameworks/CoreDuetDaemonProtocol.framework/Versions/A/CoreDuetDaemonProtocol
0x000000000b80d000 	/System/Library/PrivateFrameworks/CoreDuetDebugLogging.framework/Versions/A/CoreDuetDebugLogging
0x000000000b80d000 	/System/Library/Frameworks/Contacts.framework/Versions/A/Contacts
0x000000000b80d000 	/System/Library/PrivateFrameworks/MMCS.framework/Versions/A/MMCS
0x000000000b80d000 	/System/Library/Frameworks/CoreLocation.framework/Versions/A/CoreLocation
0x000000000b80d000 	/System/Library/Frameworks/Accounts.framework/Versions/A/Accounts
0x000000000b80d000 	/System/Library/PrivateFrameworks/OAuth.framework/Versions/A/OAuth
0x000000000b80d000 	/System/Library/PrivateFrameworks/AssetCacheServices.framework/Versions/A/AssetCacheServices
0x000000000b80d000 	/System/Library/PrivateFrameworks/GeoServices.framework/Versions/A/GeoServices
0x000000000b80d000 	/System/Library/PrivateFrameworks/PlugInKit.framework/Versions/A/PlugInKit
0x000000000b80d000 	/System/Library/CoreServices/RawCamera.bundle/Contents/MacOS/RawCamera
0x000000000b80d000 	/System/Library/PrivateFrameworks/CacheDelete.framework/Versions/A/CacheDelete
0x000000000b80d000 	/System/Library/Frameworks/OpenGL.framework/Versions/A/Resources/GLEngine.bundle/GLEngine
0x000000000b80d000 	/System/Library/Frameworks/OpenGL.framework/Versions/A/Libraries/libGLProgrammability.dylib
0x000000011abb7000 	/System/Library/Extensions/AppleIntelHD4000GraphicsGLDriver.bundle/Contents/MacOS/AppleIntelHD4000GraphicsGLDriver
0x000000000b80d000 	/System/Library/PrivateFrameworks/GPUSupport.framework/Versions/A/Libraries/libGPUSupportMercury.dylib
0x000000000b80d000 	/System/Library/Frameworks/OpenGL.framework/Versions/A/Resources/GLRendererFloat.bundle/GLRendererFloat
0x000000011b726000 	/System/Library/Extensions/AppleIntelHD4000GraphicsMTLDriver.bundle/Contents/MacOS/AppleIntelHD4000GraphicsMTLDriver
0x000000011bf9a000 	/Library/Java/JavaVirtualMachines/jdk1.8.0_91.jdk/Contents/Home/jre/lib/libnio.dylib
0x000000011c25d000 	/Library/Java/JavaVirtualMachines/jdk1.8.0_91.jdk/Contents/Home/jre/lib/./libnet.dylib

VM Arguments:
jvm_args: -Djava.library.path=/Users/ngan/Documents/KAP/org.eclipse.swt -Dfile.encoding=UTF-8 
java_command: ArxRTerminal
java_class_path (initial): /Users/ngan/Documents/KAP/Window/bin:/Users/ngan/Documents/KAP/Window/lib/org.eclipse.jface_3.9.1.v20130725-1141.jar:/Users/ngan/Documents/KAP/Window/lib/org.eclipse.jface.databinding_1.6.200.v20130515-1857.jar:/Users/ngan/Documents/KAP/Window/lib/org.eclipse.jface.databinding.source_1.6.200.v20130515-1857.jar:/Users/ngan/Documents/KAP/Window/lib/org.eclipse.jface.examples.databinding.source_1.0.200.v20130326-1250.jar:/Users/ngan/Documents/KAP/Window/lib/org.eclipse.jface.source_3.9.1.v20130725-1141.jar:/Users/ngan/Documents/KAP/Window/lib/org.eclipse.jface.text_3.8.101.v20130802-1147.jar:/Users/ngan/Documents/KAP/Window/lib/org.eclipse.jface.text.source_3.8.101.v20130802-1147.jar:/Users/ngan/Documents/KAP/Window/lib/org.eclipse.swt_3.102.1.v20140206-1334.jar:/Users/ngan/Documents/KAP/Window/lib/org.eclipse.equinox.common_3.6.200.v20130402-1505.jar:/Users/ngan/Documents/KAP/Window/lib/org.eclipse.core.commands.jar:/Users/ngan/Documents/KAP/Window/lib/swt/swt-4.2.1-cocoa-macosx-x86_64.jar:/Users/ngan/Documents/KAP/Window/lib/swt/swt-4.2.1-cocoa-macosx.jar:/Users/ngan/Documents/KAP/Window/lib/swt/swt-4.2.1-gtk-linux-x86_64.jar:/Users/ngan/Documents/KAP/Window/lib/swt/swt-4.2.1-gtk-linux-x86.jar:/Users/ngan/Documents/KAP/Window/lib/swt/swt-4.2.1-win32-win32-x86_64.jar:/Users/ngan/Documents/KAP/Window/lib/swt/swt-4.2.1-win32-win32-x86.jar:/Users/ngan/Documents/KAP/org.eclipse.swt:/Users/ngan/Documents/KAP/org.eclipse.swt/swt.jar
Launcher Type: SUN_STANDARD

Environment Variables:
PATH=/usr/bin:/bin:/usr/sbin:/sbin
SHELL=/bin/bash

Signal Handlers:
SIGSEGV: [libjvm.dylib+0x5a97a1], sa_mask[0]=11111111011111110111111111111111, sa_flags=SA_ONSTACK|SA_RESTART|SA_SIGINFO
SIGBUS: [libjvm.dylib+0x5a97a1], sa_mask[0]=11111111011111110111111111111111, sa_flags=SA_RESTART|SA_SIGINFO
SIGFPE: [libjvm.dylib+0x482594], sa_mask[0]=11111111011111110111111111111111, sa_flags=SA_RESTART|SA_SIGINFO
SIGPIPE: [libjvm.dylib+0x482594], sa_mask[0]=11111111011111110111111111111111, sa_flags=SA_RESTART|SA_SIGINFO
SIGXFSZ: [libjvm.dylib+0x482594], sa_mask[0]=11111111011111110111111111111111, sa_flags=SA_RESTART|SA_SIGINFO
SIGILL: [libjvm.dylib+0x482594], sa_mask[0]=11111111011111110111111111111111, sa_flags=SA_RESTART|SA_SIGINFO
SIGUSR1: SIG_DFL, sa_mask[0]=00000000000000000000000000000000, sa_flags=none
SIGUSR2: [libjvm.dylib+0x4820b2], sa_mask[0]=00100000000000000000000000000000, sa_flags=SA_RESTART|SA_SIGINFO
SIGHUP: [libjvm.dylib+0x480689], sa_mask[0]=11111111011111110111111111111111, sa_flags=SA_RESTART|SA_SIGINFO
SIGINT: [libjvm.dylib+0x480689], sa_mask[0]=11111111011111110111111111111111, sa_flags=SA_RESTART|SA_SIGINFO
SIGTERM: [libjvm.dylib+0x480689], sa_mask[0]=11111111011111110111111111111111, sa_flags=SA_RESTART|SA_SIGINFO
SIGQUIT: [libjvm.dylib+0x480689], sa_mask[0]=11111111011111110111111111111111, sa_flags=SA_RESTART|SA_SIGINFO


---------------  S Y S T E M  ---------------

OS:Bsduname:Darwin 15.0.0 Darwin Kernel Version 15.0.0: Sat Sep 19 15:53:46 PDT 2015; root:xnu-3247.10.11~1/RELEASE_X86_64 x86_64
rlimit: STACK 8192k, CORE 0k, NPROC 709, NOFILE 10240, AS infinity
load average:1.26 1.47 1.79

CPU:total 4 (2 cores per cpu, 2 threads per core) family 6 model 58 stepping 9, cmov, cx8, fxsr, mmx, sse, sse2, sse3, ssse3, sse4.1, sse4.2, popcnt, avx, aes, clmul, erms, ht, tsc, tscinvbit, tscinv

Memory: 4k page, physical 4194304k(17500k free)

/proc/meminfo:


vm_info: Java HotSpot(TM) 64-Bit Server VM (25.91-b14) for bsd-amd64 JRE (1.8.0_91-b14), built on Apr  1 2016 01:03:00 by "java_re" with gcc 4.2.1 (Based on Apple Inc. build 5658) (LLVM build 2336.11.00)

time: Wed Sep  7 15:30:04 2016
elapsed time: 89 seconds (0d 0h 1m 29s)

